TN:
SF:src/App.tsx
FN:14,App
FNF:1
FNH:1
FNDA:3,App
DA:1,1
DA:2,1
DA:3,1
DA:4,1
DA:5,1
DA:6,1
DA:8,1
DA:9,1
DA:10,1
DA:11,1
DA:12,1
DA:14,3
DA:15,3
DA:16,3
DA:17,3
DA:18,3
DA:19,3
DA:20,3
DA:22,3
DA:25,3
DA:26,3
DA:27,3
DA:28,3
DA:29,3
DA:31,3
LF:25
LH:25
BRDA:14,0,0,3
BRF:1
BRH:1
end_of_record
TN:
SF:src/api/client.ts
FNF:0
FNH:0
DA:1,1
DA:2,1
DA:4,1
DA:5,1
DA:6,1
DA:7,1
DA:8,1
DA:9,1
DA:10,1
DA:13,1
DA:14,2
DA:15,2
DA:16,1
DA:17,1
DA:18,2
DA:19,2
DA:25,1
DA:26,1
DA:27,1
DA:28,2
DA:29,1
DA:30,1
DA:31,2
DA:32,2
DA:33,1
DA:35,1
LF:26
LH:26
BRDA:13,0,0,2
BRDA:15,1,0,1
BRDA:26,2,0,1
BRDA:27,3,0,2
BRDA:28,4,0,1
BRF:5
BRH:5
end_of_record
TN:
SF:src/api/hcp-profiles.ts
FN:4,getHcpProfiles
FN:20,getHcpProfile
FN:25,createHcpProfile
FN:30,updateHcpProfile
FN:38,deleteHcpProfile
FNF:5
FNH:5
FNDA:1,getHcpProfiles
FNDA:1,getHcpProfile
FNDA:1,createHcpProfile
FNDA:1,updateHcpProfile
FNDA:1,deleteHcpProfile
DA:1,1
DA:4,1
DA:9,1
DA:10,1
DA:16,1
DA:17,1
DA:18,1
DA:20,1
DA:21,1
DA:22,1
DA:23,1
DA:25,1
DA:26,1
DA:27,1
DA:28,1
DA:30,1
DA:31,1
DA:32,1
DA:33,1
DA:34,1
DA:35,1
DA:36,1
DA:38,1
DA:39,1
DA:40,1
LF:25
LH:25
BRDA:4,0,0,1
BRDA:20,1,0,1
BRDA:25,2,0,1
BRDA:30,3,0,1
BRDA:38,4,0,1
BRF:5
BRH:5
end_of_record
TN:
SF:src/api/scenarios.ts
FN:4,getScenarios
FN:21,getActiveScenarios
FN:35,getScenario
FN:40,createScenario
FN:45,updateScenario
FN:53,deleteScenario
FN:57,cloneScenario
FNF:7
FNH:6
FNDA:1,getScenarios
FNDA:1,getActiveScenarios
FNDA:1,getScenario
FNDA:1,createScenario
FNDA:0,updateScenario
FNDA:1,deleteScenario
FNDA:1,cloneScenario
DA:1,1
DA:4,1
DA:10,1
DA:11,1
DA:17,1
DA:18,1
DA:19,1
DA:21,1
DA:24,1
DA:25,1
DA:31,1
DA:32,1
DA:33,1
DA:35,1
DA:36,1
DA:37,1
DA:38,1
DA:40,1
DA:41,1
DA:42,1
DA:43,1
DA:45,0
DA:46,0
DA:47,0
DA:48,0
DA:49,0
DA:50,0
DA:51,0
DA:53,1
DA:54,1
DA:55,1
DA:57,1
DA:58,1
DA:59,1
DA:60,1
LF:35
LH:28
BRDA:4,0,0,1
BRDA:21,1,0,1
BRDA:35,2,0,1
BRDA:40,3,0,1
BRDA:53,4,0,1
BRDA:57,5,0,1
BRF:6
BRH:6
end_of_record
TN:
SF:src/api/scoring.ts
FN:4,triggerScoring
FN:11,getSessionScore
FNF:2
FNH:2
FNDA:1,triggerScoring
FNDA:1,getSessionScore
DA:1,1
DA:4,1
DA:5,1
DA:6,1
DA:7,1
DA:8,1
DA:9,1
DA:11,1
DA:12,1
DA:13,1
DA:14,1
DA:15,1
DA:16,1
LF:13
LH:13
BRDA:4,0,0,1
BRDA:11,1,0,1
BRF:2
BRH:2
end_of_record
TN:
SF:src/api/sessions.ts
FN:4,createSession
FN:11,getUserSessions
FN:25,getActiveSession
FN:30,getSession
FN:35,getSessionMessages
FN:42,endSession
FNF:6
FNH:5
FNDA:1,createSession
FNDA:1,getUserSessions
FNDA:0,getActiveSession
FNDA:1,getSession
FNDA:1,getSessionMessages
FNDA:1,endSession
DA:1,1
DA:4,1
DA:5,1
DA:6,1
DA:7,1
DA:8,1
DA:9,1
DA:11,1
DA:14,1
DA:15,1
DA:21,1
DA:22,1
DA:23,1
DA:25,0
DA:26,0
DA:27,0
DA:28,0
DA:30,1
DA:31,1
DA:32,1
DA:33,1
DA:35,1
DA:36,1
DA:37,1
DA:38,1
DA:39,1
DA:40,1
DA:42,1
DA:43,1
DA:44,1
DA:45,1
DA:46,1
DA:47,1
LF:33
LH:29
BRDA:4,0,0,1
BRDA:11,1,0,1
BRDA:30,2,0,1
BRDA:35,3,0,1
BRDA:42,4,0,1
BRF:5
BRH:5
end_of_record
TN:
SF:src/components/admin/hcp-editor.tsx
FN:72,HcpEditor
FN:136,handleSubmit
FN:147,getInitials
FN:180,render
FN:193,render
FN:220,render
FN:232,render
FN:250,onPersonalityTypeChange
FN:253,onEmotionalStateChange
FN:254,onCommunicationStyleChange
FN:269,onChange
FN:281,render
FN:293,render
FN:315,onChange
FN:321,onChange
FN:335,onChange
FNF:16
FNH:9
FNDA:21,HcpEditor
FNDA:0,handleSubmit
FNDA:20,getInitials
FNDA:21,render
FNDA:20,render
FNDA:21,render
FNDA:21,render
FNDA:2,onPersonalityTypeChange
FNDA:0,onEmotionalStateChange
FNDA:0,onCommunicationStyleChange
FNDA:0,onChange
FNDA:21,render
FNDA:21,render
FNDA:0,onChange
FNDA:0,onChange
FNDA:0,onChange
DA:1,1
DA:2,1
DA:3,1
DA:4,1
DA:5,1
DA:6,1
DA:7,1
DA:8,1
DA:9,1
DA:10,1
DA:11,1
DA:12,1
DA:19,1
DA:27,1
DA:28,1
DA:29,1
DA:32,1
DA:33,1
DA:34,1
DA:35,1
DA:36,1
DA:37,1
DA:38,1
DA:39,1
DA:40,1
DA:41,1
DA:42,1
DA:44,1
DA:46,1
DA:47,1
DA:48,1
DA:49,1
DA:50,1
DA:51,1
DA:52,1
DA:53,1
DA:54,1
DA:55,1
DA:56,1
DA:57,1
DA:58,1
DA:59,1
DA:60,1
DA:72,1
DA:73,21
DA:74,21
DA:75,21
DA:76,21
DA:77,21
DA:78,21
DA:79,21
DA:81,21
DA:82,21
DA:83,21
DA:84,21
DA:85,21
DA:86,21
DA:87,21
DA:88,21
DA:89,21
DA:90,21
DA:91,21
DA:92,21
DA:93,21
DA:94,21
DA:95,21
DA:96,21
DA:97,21
DA:98,21
DA:100,21
DA:101,6
DA:102,2
DA:103,2
DA:104,2
DA:105,2
DA:106,2
DA:107,2
DA:108,2
DA:109,2
DA:110,2
DA:111,2
DA:112,2
DA:113,2
DA:114,2
DA:115,2
DA:116,2
DA:117,6
DA:118,4
DA:119,4
DA:120,4
DA:121,4
DA:122,4
DA:123,4
DA:124,4
DA:125,4
DA:126,4
DA:127,4
DA:128,4
DA:129,4
DA:130,4
DA:131,4
DA:132,4
DA:133,4
DA:134,21
DA:136,21
DA:137,0
DA:138,0
DA:139,0
DA:140,0
DA:141,0
DA:142,0
DA:143,0
DA:144,0
DA:146,21
DA:147,21
DA:148,20
DA:149,20
DA:150,20
DA:151,20
DA:152,20
DA:153,20
DA:155,21
DA:156,21
DA:157,21
DA:158,21
DA:160,21
DA:161,21
DA:162,21
DA:163,21
DA:164,21
DA:165,21
DA:166,21
DA:169,21
DA:170,21
DA:171,21
DA:172,21
DA:173,21
DA:174,21
DA:175,21
DA:176,21
DA:177,21
DA:178,21
DA:179,21
DA:180,21
DA:181,21
DA:182,21
DA:183,21
DA:184,21
DA:185,21
DA:186,21
DA:187,21
DA:189,21
DA:190,21
DA:191,21
DA:192,21
DA:193,21
DA:194,20
DA:195,20
DA:196,20
DA:197,20
DA:198,20
DA:200,20
DA:201,20
DA:202,20
DA:203,20
DA:204,20
DA:205,20
DA:206,20
DA:207,180
DA:208,180
DA:209,180
DA:210,20
DA:211,20
DA:212,20
DA:213,20
DA:214,20
DA:216,21
DA:217,21
DA:218,21
DA:219,21
DA:220,21
DA:221,21
DA:222,21
DA:223,21
DA:224,21
DA:225,21
DA:226,21
DA:228,21
DA:229,21
DA:230,21
DA:231,21
DA:232,21
DA:233,21
DA:234,21
DA:235,21
DA:236,21
DA:237,21
DA:238,21
DA:240,21
DA:241,21
DA:242,21
DA:243,21
DA:246,21
DA:247,21
DA:248,21
DA:249,21
DA:250,21
DA:251,2
DA:253,21
DA:254,21
DA:255,21
DA:258,21
DA:259,21
DA:260,21
DA:261,21
DA:262,21
DA:263,21
DA:264,21
DA:265,21
DA:266,21
DA:267,21
DA:268,21
DA:269,21
DA:270,0
DA:271,0
DA:272,0
DA:273,0
DA:275,21
DA:276,21
DA:277,21
DA:278,21
DA:279,21
DA:280,21
DA:281,21
DA:282,21
DA:283,21
DA:284,21
DA:285,21
DA:286,21
DA:287,21
DA:289,21
DA:290,21
DA:291,21
DA:292,21
DA:293,21
DA:294,21
DA:295,21
DA:296,21
DA:297,21
DA:298,21
DA:299,21
DA:301,21
DA:302,21
DA:303,21
DA:306,21
DA:307,21
DA:308,21
DA:309,21
DA:310,21
DA:311,21
DA:312,21
DA:313,21
DA:314,21
DA:315,21
DA:316,21
DA:317,21
DA:318,21
DA:319,21
DA:320,21
DA:321,21
DA:322,21
DA:323,21
DA:324,21
DA:325,21
DA:326,21
DA:327,21
DA:328,21
DA:329,60
DA:330,60
DA:331,60
DA:332,60
DA:333,60
DA:334,60
DA:335,60
DA:336,60
DA:337,60
DA:338,60
DA:339,60
DA:340,21
DA:341,21
DA:342,21
DA:343,21
DA:344,21
DA:347,21
DA:348,21
DA:349,21
DA:350,21
DA:351,21
DA:352,21
DA:353,21
DA:354,21
DA:355,21
DA:356,21
DA:357,21
DA:358,21
DA:359,21
DA:360,21
DA:361,21
DA:362,21
DA:363,21
DA:365,21
LF:311
LH:299
BRDA:72,0,0,21
BRDA:100,1,0,6
BRDA:101,2,0,2
BRDA:105,3,0,0
BRDA:106,4,0,0
BRDA:111,5,0,0
BRDA:112,6,0,0
BRDA:117,7,0,4
BRDA:147,8,0,20
BRDA:153,9,0,14
BRDA:150,10,0,26
BRDA:180,11,0,21
BRDA:193,12,0,20
BRDA:206,13,0,180
BRDA:220,14,0,21
BRDA:232,15,0,21
BRDA:250,16,0,2
BRDA:281,17,0,21
BRDA:293,18,0,21
BRDA:328,19,0,60
BRF:20
BRH:16
end_of_record
TN:
SF:src/components/admin/hcp-list.tsx
FN:20,HcpList
FN:30,getInitials
FN:45,onChange
FN:64,onClick
FNF:4
FNH:3
FNDA:6,HcpList
FNDA:8,getInitials
FNDA:0,onChange
FNDA:1,onClick
DA:1,1
DA:2,1
DA:3,1
DA:4,1
DA:5,1
DA:6,1
DA:7,1
DA:8,1
DA:20,1
DA:21,6
DA:22,6
DA:23,6
DA:24,6
DA:25,6
DA:26,6
DA:27,6
DA:28,6
DA:30,6
DA:31,8
DA:32,8
DA:33,8
DA:34,8
DA:35,8
DA:36,8
DA:38,6
DA:39,6
DA:40,6
DA:41,6
DA:42,6
DA:43,6
DA:44,6
DA:45,6
DA:46,6
DA:47,6
DA:48,6
DA:49,6
DA:50,6
DA:52,6
DA:53,6
DA:54,2
DA:55,2
DA:56,2
DA:57,2
DA:59,4
DA:60,4
DA:61,8
DA:62,8
DA:63,8
DA:64,8
DA:65,8
DA:66,8
DA:67,8
DA:68,0
DA:69,8
DA:71,8
DA:72,8
DA:73,8
DA:74,8
DA:75,8
DA:76,8
DA:77,8
DA:78,8
DA:79,8
DA:80,8
DA:81,8
DA:82,8
DA:83,8
DA:84,4
DA:85,4
DA:87,6
DA:89,6
DA:90,6
DA:91,6
DA:92,6
DA:93,6
DA:95,6
DA:96,6
DA:97,6
DA:98,6
DA:99,6
DA:101,6
LF:81
LH:80
BRDA:20,0,0,6
BRDA:53,1,0,2
BRDA:57,2,0,4
BRDA:30,3,0,8
BRDA:33,4,0,24
BRDA:60,5,0,8
BRDA:67,6,0,0
BRDA:64,7,0,1
BRF:8
BRH:7
end_of_record
TN:
SF:src/components/admin/objection-list.tsx
FN:14,ObjectionList
FN:30,handleAdd
FN:35,handleRemove
FN:39,handleChange
FN:54,onChange
FN:61,onClick
FNF:6
FNH:6
FNDA:55,ObjectionList
FNDA:1,handleAdd
FNDA:1,handleRemove
FNDA:1,handleChange
FNDA:1,onChange
FNDA:1,onClick
DA:1,1
DA:2,1
DA:3,1
DA:4,1
DA:5,1
DA:14,1
DA:15,55
DA:16,55
DA:17,55
DA:18,55
DA:19,55
DA:20,55
DA:21,55
DA:23,55
DA:24,26
DA:25,0
DA:26,0
DA:27,0
DA:28,55
DA:30,55
DA:31,1
DA:32,1
DA:33,1
DA:35,55
DA:36,1
DA:37,1
DA:39,55
DA:40,1
DA:41,1
DA:42,1
DA:43,1
DA:45,55
DA:46,55
DA:47,55
DA:48,55
DA:49,55
DA:50,17
DA:51,17
DA:52,17
DA:53,17
DA:54,17
DA:55,17
DA:56,17
DA:57,17
DA:58,17
DA:59,17
DA:60,17
DA:61,17
DA:62,17
DA:64,17
DA:65,17
DA:66,17
DA:67,55
DA:68,55
DA:69,55
DA:70,55
DA:71,55
DA:72,55
DA:73,55
DA:74,55
DA:76,55
DA:77,55
DA:78,55
DA:79,55
DA:81,55
LF:65
LH:62
BRDA:14,0,0,55
BRDA:23,1,0,26
BRDA:24,2,0,0
BRDA:24,3,0,0
BRDA:30,4,0,1
BRDA:35,5,0,1
BRDA:36,6,0,3
BRDA:39,7,0,1
BRDA:49,8,0,17
BRDA:52,9,0,14
BRDA:52,10,0,3
BRDA:54,11,0,1
BRDA:61,12,0,1
BRF:13
BRH:11
end_of_record
TN:
SF:src/components/admin/personality-sliders.tsx
FN:30,PersonalitySliders
FN:74,onValueChange
FN:92,onValueChange
FNF:3
FNH:1
FNDA:22,PersonalitySliders
FNDA:0,onValueChange
FNDA:0,onValueChange
DA:1,1
DA:2,1
DA:3,1
DA:4,1
DA:5,1
DA:13,1
DA:14,1
DA:15,1
DA:16,1
DA:17,1
DA:18,1
DA:19,1
DA:30,1
DA:31,22
DA:32,22
DA:33,22
DA:34,22
DA:35,22
DA:36,22
DA:37,22
DA:38,22
DA:40,22
DA:41,22
DA:42,22
DA:43,22
DA:44,22
DA:45,22
DA:46,22
DA:47,22
DA:48,22
DA:49,22
DA:50,22
DA:51,22
DA:52,22
DA:53,22
DA:54,22
DA:55,22
DA:56,110
DA:57,110
DA:58,110
DA:59,22
DA:60,22
DA:61,22
DA:62,22
DA:64,22
DA:65,22
DA:66,22
DA:67,22
DA:68,22
DA:69,22
DA:70,22
DA:71,22
DA:72,22
DA:73,22
DA:74,22
DA:75,22
DA:76,22
DA:77,22
DA:78,22
DA:79,22
DA:80,22
DA:82,22
DA:83,22
DA:84,22
DA:85,22
DA:86,22
DA:87,22
DA:88,22
DA:89,22
DA:90,22
DA:91,22
DA:92,22
DA:93,22
DA:94,22
DA:95,22
DA:96,22
DA:97,22
DA:98,22
DA:99,22
DA:100,22
DA:102,22
LF:81
LH:81
BRDA:30,0,0,22
BRDA:55,1,0,110
BRF:2
BRH:2
end_of_record
TN:
SF:src/components/admin/scenario-editor.tsx
FN:74,ScenarioEditor
FN:146,handleSubmit
FN:157,getInitials
FN:193,render
FN:222,render
FN:243,render
FN:291,onChange
FN:308,onChange
FN:320,onChange
FN:333,onChange
FNF:10
FNH:5
FNDA:24,ScenarioEditor
FNDA:0,handleSubmit
FNDA:13,getInitials
FNDA:11,render
FNDA:11,render
FNDA:11,render
FNDA:0,onChange
FNDA:0,onChange
FNDA:0,onChange
FNDA:0,onChange
DA:1,1
DA:2,1
DA:3,1
DA:4,1
DA:5,1
DA:6,1
DA:14,1
DA:15,1
DA:16,1
DA:17,1
DA:18,1
DA:25,1
DA:26,1
DA:27,1
DA:28,1
DA:32,1
DA:33,1
DA:34,1
DA:35,1
DA:36,1
DA:37,1
DA:38,1
DA:40,1
DA:41,1
DA:42,1
DA:43,1
DA:44,1
DA:45,1
DA:47,1
DA:48,1
DA:49,1
DA:50,1
DA:51,1
DA:52,1
DA:53,1
DA:54,1
DA:55,1
DA:56,1
DA:57,1
DA:58,1
DA:59,1
DA:60,1
DA:61,1
DA:62,1
DA:74,1
DA:75,24
DA:76,24
DA:77,24
DA:78,24
DA:79,24
DA:80,24
DA:81,24
DA:82,24
DA:83,24
DA:84,24
DA:85,24
DA:86,24
DA:88,24
DA:89,24
DA:90,24
DA:91,24
DA:92,24
DA:93,24
DA:94,24
DA:95,24
DA:96,24
DA:97,24
DA:98,24
DA:99,24
DA:100,24
DA:101,24
DA:102,24
DA:103,24
DA:104,24
DA:105,24
DA:106,24
DA:108,24
DA:109,8
DA:110,1
DA:111,1
DA:112,1
DA:113,1
DA:114,1
DA:115,1
DA:116,1
DA:117,1
DA:118,1
DA:119,1
DA:120,1
DA:121,1
DA:122,1
DA:123,1
DA:124,1
DA:125,1
DA:126,8
DA:127,5
DA:128,5
DA:129,5
DA:130,5
DA:131,5
DA:132,5
DA:133,5
DA:134,5
DA:135,5
DA:136,5
DA:137,5
DA:138,5
DA:139,5
DA:140,5
DA:141,5
DA:142,5
DA:143,5
DA:144,24
DA:146,24
DA:147,0
DA:148,0
DA:149,0
DA:150,0
DA:151,0
DA:153,24
DA:154,24
DA:155,24
DA:157,24
DA:158,13
DA:159,13
DA:160,13
DA:161,13
DA:162,13
DA:163,13
DA:165,24
DA:166,24
DA:167,24
DA:168,24
DA:169,24
DA:170,24
DA:171,24
DA:172,24
DA:174,24
DA:175,24
DA:177,24
DA:178,24
DA:179,24
DA:180,24
DA:181,24
DA:182,24
DA:183,1
DA:184,1
DA:185,1
DA:187,24
DA:188,24
DA:189,24
DA:190,24
DA:191,24
DA:192,24
DA:193,24
DA:194,11
DA:195,11
DA:196,11
DA:197,11
DA:198,11
DA:199,11
DA:200,55
DA:201,55
DA:202,55
DA:203,11
DA:204,11
DA:205,11
DA:207,24
DA:208,24
DA:209,24
DA:211,24
DA:212,24
DA:213,24
DA:214,24
DA:216,24
DA:217,24
DA:218,24
DA:219,24
DA:220,24
DA:221,24
DA:222,24
DA:223,11
DA:224,11
DA:225,11
DA:226,11
DA:227,11
DA:228,11
DA:229,44
DA:230,44
DA:231,44
DA:232,11
DA:233,11
DA:234,11
DA:236,24
DA:237,24
DA:238,24
DA:239,24
DA:240,24
DA:241,24
DA:242,24
DA:243,24
DA:244,11
DA:245,11
DA:246,11
DA:247,11
DA:248,2
DA:249,2
DA:250,2
DA:251,2
DA:252,2
DA:253,2
DA:254,2
DA:255,2
DA:256,2
DA:258,11
DA:259,11
DA:260,11
DA:261,11
DA:262,11
DA:263,11
DA:264,11
DA:265,11
DA:266,11
DA:267,11
DA:268,11
DA:269,11
DA:270,11
DA:271,11
DA:272,11
DA:273,11
DA:274,11
DA:275,11
DA:277,24
DA:278,24
DA:279,24
DA:281,24
DA:282,24
DA:283,24
DA:284,24
DA:285,24
DA:286,46
DA:287,46
DA:288,46
DA:289,46
DA:290,46
DA:291,46
DA:292,46
DA:293,46
DA:294,46
DA:295,46
DA:296,24
DA:297,24
DA:298,24
DA:299,24
DA:300,24
DA:301,24
DA:302,24
DA:303,69
DA:304,69
DA:305,69
DA:306,69
DA:307,69
DA:308,69
DA:309,69
DA:310,69
DA:311,69
DA:312,69
DA:313,24
DA:314,24
DA:315,24
DA:316,24
DA:318,24
DA:319,24
DA:320,24
DA:321,24
DA:322,24
DA:323,24
DA:325,24
DA:326,24
DA:327,24
DA:328,24
DA:329,24
DA:330,24
DA:331,24
DA:332,24
DA:333,24
DA:334,0
DA:335,0
DA:336,0
DA:337,0
DA:338,0
DA:339,0
DA:340,24
DA:342,24
DA:343,24
DA:344,24
DA:345,24
DA:346,24
DA:347,24
DA:348,24
DA:349,24
DA:350,24
DA:351,24
DA:353,24
DA:354,24
DA:355,24
DA:356,24
DA:357,24
DA:358,24
DA:359,24
DA:360,24
DA:362,24
LF:312
LH:301
BRDA:74,0,0,24
BRDA:170,1,0,16
BRDA:170,2,0,7
BRDA:170,3,0,3
BRDA:170,4,0,4
BRDA:182,5,0,1
BRDA:84,6,0,23
BRDA:84,7,0,0
BRDA:108,8,0,8
BRDA:109,9,0,1
BRDA:109,10,0,1
BRDA:112,11,0,0
BRDA:114,12,0,0
BRDA:126,13,0,7
BRDA:126,14,0,5
BRDA:154,15,0,19
BRDA:157,16,0,13
BRDA:160,17,0,26
BRDA:193,18,0,11
BRDA:199,19,0,55
BRDA:222,20,0,11
BRDA:228,21,0,44
BRDA:243,22,0,11
BRDA:247,23,0,2
BRDA:261,24,0,11
BRDA:285,25,0,46
BRDA:302,26,0,69
BRF:27
BRH:24
end_of_record
TN:
SF:src/components/admin/scenario-table.tsx
FN:39,ScenarioTable
FN:51,toggleSort
FN:74,getInitials
FN:92,onClick
FN:102,onClick
FN:114,onClick
FN:189,onClick
FN:193,onClick
FN:199,onClick
FN:224,onClick
FN:232,onClick
FNF:11
FNH:4
FNDA:9,ScenarioTable
FNDA:2,toggleSort
FNDA:6,getInitials
FNDA:2,onClick
FNDA:0,onClick
FNDA:0,onClick
FNDA:0,onClick
FNDA:0,onClick
FNDA:0,onClick
FNDA:0,onClick
FNDA:0,onClick
DA:1,1
DA:2,1
DA:3,1
DA:10,1
DA:11,1
DA:12,1
DA:13,1
DA:14,1
DA:33,1
DA:34,1
DA:35,1
DA:36,1
DA:37,1
DA:39,1
DA:40,9
DA:41,9
DA:42,9
DA:43,9
DA:44,9
DA:45,9
DA:46,9
DA:47,9
DA:48,9
DA:49,9
DA:51,9
DA:52,2
DA:53,2
DA:54,2
DA:55,0
DA:56,0
DA:57,0
DA:58,2
DA:60,9
DA:61,9
DA:62,9
DA:63,0
DA:64,0
DA:65,0
DA:66,0
DA:67,9
DA:68,9
DA:69,9
DA:71,9
DA:72,9
DA:74,9
DA:75,6
DA:76,6
DA:77,6
DA:78,6
DA:79,6
DA:80,6
DA:82,9
DA:83,9
DA:84,9
DA:85,9
DA:86,9
DA:87,9
DA:88,9
DA:89,9
DA:90,9
DA:91,9
DA:92,9
DA:93,9
DA:95,9
DA:96,9
DA:97,9
DA:98,9
DA:99,9
DA:100,9
DA:101,9
DA:102,9
DA:103,9
DA:105,9
DA:106,9
DA:107,9
DA:108,9
DA:109,9
DA:110,9
DA:111,9
DA:112,9
DA:113,9
DA:114,9
DA:115,9
DA:117,9
DA:118,9
DA:119,9
DA:120,9
DA:121,9
DA:122,9
DA:123,9
DA:124,9
DA:125,9
DA:126,3
DA:127,3
DA:128,3
DA:129,3
DA:130,3
DA:132,6
DA:133,6
DA:134,6
DA:135,6
DA:137,6
DA:138,6
DA:139,6
DA:140,6
DA:141,6
DA:142,6
DA:143,6
DA:144,6
DA:145,6
DA:146,6
DA:147,6
DA:148,6
DA:149,6
DA:150,6
DA:151,6
DA:152,6
DA:153,6
DA:154,6
DA:156,0
DA:158,6
DA:159,6
DA:160,6
DA:161,6
DA:162,6
DA:163,6
DA:164,6
DA:165,6
DA:166,6
DA:167,6
DA:168,6
DA:169,6
DA:171,6
DA:172,6
DA:173,6
DA:174,6
DA:175,6
DA:176,6
DA:178,6
DA:179,6
DA:180,6
DA:181,6
DA:182,6
DA:183,6
DA:184,6
DA:185,6
DA:186,6
DA:187,6
DA:188,6
DA:189,6
DA:190,6
DA:192,6
DA:193,6
DA:194,6
DA:196,6
DA:197,6
DA:198,6
DA:199,6
DA:201,6
DA:203,6
DA:204,6
DA:205,6
DA:206,6
DA:207,6
DA:208,6
DA:210,9
DA:211,9
DA:212,9
DA:214,9
DA:215,0
DA:216,0
DA:217,0
DA:218,0
DA:219,0
DA:220,0
DA:221,0
DA:222,0
DA:223,0
DA:224,0
DA:225,0
DA:227,0
DA:228,0
DA:229,0
DA:230,0
DA:231,0
DA:232,0
DA:233,0
DA:235,0
DA:236,0
DA:237,0
DA:239,9
DA:241,9
LF:192
LH:163
BRDA:39,0,0,9
BRDA:125,1,0,3
BRDA:130,2,0,6
BRDA:214,3,0,0
BRDA:51,4,0,2
BRDA:54,5,0,0
BRDA:53,6,0,2
BRDA:53,7,0,1
BRDA:53,8,0,1
BRDA:60,9,0,9
BRDA:74,10,0,6
BRDA:77,11,0,12
BRDA:92,12,0,2
BRDA:132,13,0,6
BRDA:154,14,0,0
BRDA:176,15,0,0
BRF:16
BRH:12
end_of_record
TN:
SF:src/components/admin/scoring-weights.tsx
FN:35,adjustWeights
FN:91,ScoringWeights
FN:94,handleSliderChange
FN:124,onValueChange
FNF:4
FNH:2
FNDA:7,adjustWeights
FNDA:12,ScoringWeights
FNDA:0,handleSliderChange
FNDA:0,onValueChange
DA:1,1
DA:2,1
DA:3,1
DA:4,1
DA:19,1
DA:20,1
DA:21,1
DA:22,1
DA:23,1
DA:24,1
DA:25,1
DA:27,1
DA:28,1
DA:29,1
DA:30,1
DA:31,1
DA:32,1
DA:33,1
DA:35,7
DA:36,7
DA:37,7
DA:38,7
DA:39,7
DA:40,7
DA:41,7
DA:43,7
DA:45,6
DA:46,6
DA:48,6
DA:50,7
DA:52,1
DA:53,1
DA:54,1
DA:55,4
DA:56,4
DA:57,4
DA:58,7
DA:60,5
DA:61,5
DA:62,20
DA:63,20
DA:65,5
DA:66,20
DA:67,15
DA:68,15
DA:69,15
DA:70,15
DA:71,15
DA:72,15
DA:73,20
DA:74,5
DA:77,6
DA:78,7
DA:79,0
DA:80,0
DA:81,0
DA:84,7
DA:85,30
DA:86,30
DA:88,6
DA:89,6
DA:91,1
DA:92,12
DA:94,12
DA:95,0
DA:96,0
DA:97,0
DA:98,0
DA:100,12
DA:102,12
DA:103,12
DA:104,12
DA:105,12
DA:106,12
DA:107,12
DA:108,12
DA:109,12
DA:110,12
DA:111,12
DA:112,12
DA:113,12
DA:114,60
DA:115,60
DA:116,60
DA:117,60
DA:118,60
DA:119,60
DA:120,60
DA:121,60
DA:122,60
DA:123,60
DA:124,60
DA:125,60
DA:126,60
DA:127,12
DA:128,12
DA:129,12
DA:131,12
LF:98
LH:91
BRDA:35,0,0,7
BRDA:43,1,0,1
BRDA:43,2,0,6
BRDA:50,3,0,1
BRDA:54,4,0,4
BRDA:55,5,0,0
BRDA:56,6,0,0
BRDA:58,7,0,5
BRDA:61,8,0,20
BRDA:63,9,0,5
BRDA:66,10,0,15
BRDA:74,11,0,6
BRDA:78,12,0,0
BRDA:81,13,0,6
BRDA:84,14,0,30
BRDA:85,15,0,0
BRDA:86,16,0,6
BRDA:45,17,0,30
BRDA:46,18,0,24
BRDA:77,19,0,30
BRDA:91,20,0,12
BRDA:100,21,0,60
BRDA:113,22,0,60
BRF:23
BRH:19
end_of_record
TN:
SF:src/components/admin/service-config-card.tsx
FN:41,ServiceConfigCard
FN:53,handleTest
FN:73,handleSave
FN:81,onClick
FN:111,onChange
FN:122,onChange
FN:132,onChange
FN:142,onChange
FNF:8
FNH:3
FNDA:22,ServiceConfigCard
FNDA:0,handleTest
FNDA:1,handleSave
FNDA:2,onClick
FNDA:0,onChange
FNDA:0,onChange
FNDA:0,onChange
FNDA:0,onChange
DA:1,1
DA:2,1
DA:3,1
DA:4,1
DA:5,1
DA:6,1
DA:7,1
DA:8,1
DA:9,1
DA:34,1
DA:35,1
DA:36,1
DA:37,1
DA:38,1
DA:39,1
DA:41,1
DA:42,22
DA:43,22
DA:44,22
DA:45,22
DA:46,22
DA:47,22
DA:48,22
DA:49,22
DA:50,22
DA:51,22
DA:53,22
DA:54,0
DA:55,0
DA:56,0
DA:57,0
DA:58,0
DA:59,0
DA:60,0
DA:61,0
DA:62,0
DA:63,0
DA:64,0
DA:65,0
DA:66,0
DA:67,0
DA:68,0
DA:69,0
DA:70,0
DA:71,0
DA:73,22
DA:74,1
DA:75,1
DA:77,22
DA:78,22
DA:79,22
DA:80,22
DA:81,22
DA:83,22
DA:84,22
DA:85,22
DA:86,22
DA:87,22
DA:88,22
DA:89,22
DA:90,22
DA:91,22
DA:92,22
DA:93,22
DA:94,22
DA:95,22
DA:96,22
DA:97,2
DA:99,20
DA:101,22
DA:102,22
DA:104,22
DA:105,2
DA:106,2
DA:107,2
DA:108,2
DA:109,2
DA:110,2
DA:111,2
DA:112,0
DA:114,2
DA:115,2
DA:116,2
DA:117,2
DA:118,2
DA:119,2
DA:120,2
DA:121,2
DA:122,2
DA:123,0
DA:125,2
DA:126,2
DA:127,2
DA:128,2
DA:129,2
DA:130,2
DA:131,2
DA:132,2
DA:133,0
DA:135,2
DA:136,2
DA:137,2
DA:138,2
DA:139,2
DA:140,2
DA:141,2
DA:142,2
DA:143,0
DA:145,2
DA:146,2
DA:147,2
DA:148,2
DA:150,2
DA:151,2
DA:153,2
DA:154,2
DA:155,2
DA:156,2
DA:157,2
DA:159,2
DA:160,2
DA:161,2
DA:162,2
DA:163,2
DA:165,22
DA:167,22
LF:126
LH:104
BRDA:41,0,0,22
BRDA:96,1,0,2
BRDA:97,2,0,20
BRDA:104,3,0,2
BRDA:159,4,0,0
BRDA:73,5,0,1
BRDA:81,6,0,2
BRDA:81,7,0,2
BRF:8
BRH:7
end_of_record
TN:
SF:src/components/admin/test-chat-dialog.tsx
FN:56,TestChatDialog
FN:78,handleKeyDown
FN:126,onChange
FNF:3
FNH:3
FNDA:29,TestChatDialog
FNDA:22,handleKeyDown
FNDA:22,onChange
DA:1,1
DA:2,1
DA:3,1
DA:4,1
DA:11,1
DA:12,1
DA:13,1
DA:20,1
DA:21,1
DA:22,1
DA:23,1
DA:24,1
DA:25,1
DA:26,1
DA:27,1
DA:28,1
DA:29,1
DA:30,1
DA:31,1
DA:32,1
DA:33,1
DA:34,1
DA:35,1
DA:36,1
DA:37,1
DA:38,1
DA:39,1
DA:40,1
DA:41,1
DA:42,1
DA:43,1
DA:44,1
DA:45,1
DA:46,1
DA:56,1
DA:57,29
DA:58,29
DA:59,29
DA:60,29
DA:61,29
DA:62,29
DA:63,29
DA:64,29
DA:66,29
DA:67,1
DA:69,1
DA:70,1
DA:71,1
DA:72,1
DA:74,1
DA:75,1
DA:76,29
DA:78,29
DA:79,22
DA:80,0
DA:81,0
DA:82,0
DA:83,22
DA:85,29
DA:86,29
DA:87,29
DA:88,29
DA:89,29
DA:90,29
DA:91,29
DA:92,29
DA:93,29
DA:94,29
DA:95,29
DA:97,29
DA:98,29
DA:99,29
DA:100,27
DA:102,27
DA:104,29
DA:105,2
DA:106,2
DA:107,2
DA:109,2
DA:110,2
DA:111,2
DA:112,1
DA:113,1
DA:114,2
DA:116,2
DA:117,2
DA:118,2
DA:119,29
DA:120,29
DA:121,29
DA:123,29
DA:124,29
DA:125,29
DA:126,29
DA:127,29
DA:128,29
DA:129,29
DA:130,29
DA:131,29
DA:132,29
DA:133,29
DA:134,29
DA:135,29
DA:137,29
DA:138,29
DA:139,29
DA:140,29
DA:141,29
DA:143,29
LF:109
LH:106
BRDA:56,0,0,29
BRDA:99,1,0,27
BRDA:66,2,0,1
BRDA:67,3,0,0
BRDA:70,4,0,0
BRDA:74,5,0,1
BRDA:78,6,0,22
BRDA:79,7,0,0
BRDA:79,8,0,0
BRDA:104,9,0,2
BRDA:107,10,0,1
BRDA:107,11,0,1
BRDA:111,12,0,1
BRDA:112,13,0,1
BRDA:126,14,0,22
BRF:15
BRH:11
end_of_record
TN:
SF:src/components/coach/center-panel.tsx
FN:35,CenterPanel
FNF:1
FNH:1
FNDA:9,CenterPanel
DA:1,1
DA:2,1
DA:3,1
DA:4,1
DA:11,1
DA:12,1
DA:35,1
DA:36,9
DA:37,9
DA:38,9
DA:39,9
DA:40,9
DA:41,9
DA:42,9
DA:43,9
DA:44,9
DA:45,9
DA:46,9
DA:47,9
DA:48,9
DA:49,9
DA:52,9
DA:53,9
DA:54,9
DA:56,9
DA:57,9
DA:59,9
DA:60,9
DA:61,9
DA:62,9
DA:63,9
DA:64,9
DA:65,9
DA:66,9
DA:67,9
DA:70,9
DA:71,9
DA:72,8
DA:73,8
DA:74,8
DA:75,8
DA:76,8
DA:77,8
DA:78,8
DA:79,8
DA:80,8
DA:81,8
DA:82,8
DA:83,8
DA:84,8
DA:85,8
DA:86,8
DA:87,8
DA:89,1
DA:90,1
DA:91,1
DA:92,1
DA:93,1
DA:94,1
DA:95,1
DA:96,1
DA:97,1
DA:98,1
DA:99,1
DA:100,1
DA:103,9
DA:104,9
DA:105,9
DA:106,9
DA:107,9
DA:110,9
DA:111,9
DA:112,9
DA:113,2
DA:114,2
DA:115,2
DA:116,2
DA:117,2
DA:118,2
DA:119,9
DA:122,9
DA:123,1
DA:124,1
DA:125,1
DA:126,1
DA:127,1
DA:128,1
DA:129,1
DA:130,1
DA:131,1
DA:132,1
DA:133,1
DA:134,1
DA:135,1
DA:136,1
DA:137,1
DA:138,1
DA:139,1
DA:140,1
DA:141,1
DA:142,1
DA:143,1
DA:144,1
DA:145,1
DA:146,1
DA:147,1
DA:148,1
DA:151,9
DA:152,9
DA:153,9
DA:156,9
DA:157,9
DA:158,9
DA:159,9
DA:160,9
DA:161,9
DA:162,9
DA:163,9
DA:164,9
DA:166,9
LF:120
LH:120
BRDA:35,0,0,9
BRDA:71,1,0,8
BRDA:87,2,0,1
BRDA:122,3,0,1
BRDA:52,4,0,9
BRDA:112,5,0,2
BRF:6
BRH:6
end_of_record
TN:
SF:src/components/coach/chat-area.tsx
FN:29,ChatArea
FN:138,onChange
FNF:2
FNH:2
FNDA:30,ChatArea
FNDA:23,onChange
DA:1,1
DA:2,1
DA:3,1
DA:4,1
DA:12,1
DA:13,1
DA:14,1
DA:29,1
DA:30,30
DA:31,30
DA:32,30
DA:33,30
DA:34,30
DA:35,30
DA:36,30
DA:37,30
DA:38,30
DA:39,30
DA:40,30
DA:41,30
DA:42,30
DA:43,30
DA:45,30
DA:46,30
DA:49,30
DA:50,6
DA:51,30
DA:53,30
DA:54,1
DA:55,1
DA:56,1
DA:57,1
DA:58,30
DA:60,30
DA:61,30
DA:62,23
DA:63,0
DA:64,0
DA:65,0
DA:66,23
DA:67,30
DA:68,30
DA:70,30
DA:71,30
DA:73,30
DA:74,30
DA:75,30
DA:76,30
DA:77,30
DA:78,30
DA:79,30
DA:81,30
DA:82,30
DA:83,30
DA:84,30
DA:87,30
DA:88,30
DA:89,30
DA:90,30
DA:91,30
DA:92,30
DA:93,30
DA:95,30
DA:96,30
DA:97,30
DA:98,30
DA:99,30
DA:102,30
DA:103,30
DA:104,30
DA:105,30
DA:106,30
DA:108,30
DA:109,58
DA:110,30
DA:113,30
DA:114,0
DA:115,0
DA:116,0
DA:117,0
DA:121,30
DA:122,0
DA:123,0
DA:124,0
DA:127,30
DA:128,30
DA:129,30
DA:132,30
DA:133,30
DA:134,30
DA:135,30
DA:136,30
DA:137,30
DA:138,30
DA:139,30
DA:140,30
DA:141,30
DA:142,30
DA:143,30
DA:144,30
DA:145,30
DA:147,30
DA:148,30
DA:149,30
DA:150,30
DA:151,30
DA:152,30
DA:153,30
DA:155,30
DA:156,30
DA:157,30
DA:158,30
DA:159,30
DA:161,30
LF:114
LH:104
BRDA:29,0,0,30
BRDA:46,1,0,2
BRDA:74,2,0,1
BRDA:113,3,0,0
BRDA:113,4,0,0
BRDA:121,5,0,0
BRDA:121,6,0,0
BRDA:140,7,0,29
BRDA:152,8,0,23
BRDA:152,9,0,23
BRDA:49,10,0,6
BRDA:53,11,0,1
BRDA:55,12,0,0
BRDA:61,13,0,23
BRDA:62,14,0,0
BRDA:62,15,0,0
BRDA:108,16,0,58
BRDA:138,17,0,23
BRF:18
BRH:11
end_of_record
TN:
SF:src/components/coach/chat-message.tsx
FN:9,ChatMessage
FNF:1
FNH:1
FNDA:4,ChatMessage
DA:1,1
DA:9,1
DA:10,4
DA:11,4
DA:12,4
DA:14,4
DA:15,4
DA:16,4
DA:18,4
DA:19,4
DA:20,4
DA:21,4
DA:22,2
DA:23,2
DA:24,4
DA:26,4
DA:27,4
DA:28,4
DA:29,0
DA:31,4
DA:32,4
DA:33,3
DA:34,3
DA:35,3
DA:36,3
DA:37,3
DA:38,3
DA:40,4
DA:41,4
DA:43,4
LF:30
LH:29
BRDA:9,0,0,4
BRDA:12,1,0,3
BRDA:12,2,0,1
BRDA:16,3,0,2
BRDA:16,4,0,2
BRDA:21,5,0,2
BRDA:22,6,0,2
BRDA:28,7,0,0
BRDA:32,8,0,3
BRF:9
BRH:8
end_of_record
TN:
SF:src/components/coach/hints-panel.tsx
FN:28,formatDuration
FN:36,HintsPanel
FNF:2
FNH:2
FNDA:5,formatDuration
FNDA:6,HintsPanel
DA:1,1
DA:2,1
DA:3,1
DA:11,1
DA:28,5
DA:29,5
DA:30,5
DA:31,5
DA:32,5
DA:33,5
DA:34,5
DA:36,1
DA:37,6
DA:38,6
DA:39,6
DA:40,6
DA:41,6
DA:42,6
DA:43,6
DA:45,6
DA:46,1
DA:47,1
DA:48,1
DA:49,1
DA:50,1
DA:51,1
DA:52,1
DA:53,1
DA:54,1
DA:56,1
DA:57,1
DA:58,1
DA:60,1
DA:62,5
DA:63,5
DA:64,5
DA:65,5
DA:66,5
DA:67,5
DA:68,5
DA:69,5
DA:70,5
DA:71,5
DA:73,5
DA:74,5
DA:75,5
DA:77,5
DA:79,5
DA:80,5
DA:81,5
DA:82,5
DA:83,5
DA:84,5
DA:85,1
DA:86,1
DA:87,2
DA:88,2
DA:89,2
DA:91,2
DA:92,2
DA:93,1
DA:94,1
DA:96,4
DA:98,4
DA:100,6
DA:101,6
DA:104,6
DA:105,6
DA:106,6
DA:107,6
DA:108,6
DA:109,6
DA:110,6
DA:111,6
DA:114,6
DA:115,6
DA:116,6
DA:117,6
DA:118,6
DA:119,6
DA:120,6
DA:121,6
DA:122,6
DA:123,6
DA:124,6
DA:125,6
DA:126,6
DA:127,6
DA:128,6
DA:129,6
DA:130,6
DA:131,6
DA:132,6
DA:133,6
DA:134,6
DA:135,6
DA:136,6
DA:138,6
LF:98
LH:98
BRDA:28,0,0,5
BRDA:36,1,0,6
BRDA:45,2,0,1
BRDA:60,3,0,5
BRDA:84,4,0,1
BRDA:94,5,0,4
BRDA:86,6,0,2
BRF:7
BRH:7
end_of_record
TN:
SF:src/components/coach/index.ts
FNF:0
FNH:0
DA:1,1
DA:2,1
DA:3,1
DA:4,1
DA:5,1
DA:6,1
DA:7,1
DA:8,1
DA:9,1
DA:10,1
DA:11,1
DA:12,1
LF:12
LH:12
BRF:0
BRH:0
end_of_record
TN:
SF:src/components/coach/key-messages.tsx
FN:9,KeyMessages
FNF:1
FNH:1
FNDA:5,KeyMessages
DA:1,1
DA:2,1
DA:9,1
DA:10,5
DA:11,5
DA:12,5
DA:13,5
DA:14,5
DA:15,3
DA:17,2
DA:19,5
DA:20,5
DA:21,5
DA:22,5
DA:23,3
DA:24,2
DA:25,5
DA:27,5
DA:28,5
DA:29,5
DA:30,5
DA:31,5
DA:33,5
LF:23
LH:23
BRDA:9,0,0,5
BRDA:12,1,0,5
BRDA:14,2,0,3
BRDA:15,3,0,2
BRDA:22,4,0,3
BRDA:23,5,0,2
BRF:6
BRH:6
end_of_record
TN:
SF:src/components/coach/left-panel.tsx
FN:43,LeftPanel
FN:195,onCheckedChange
FNF:2
FNH:1
FNDA:6,LeftPanel
FNDA:0,onCheckedChange
DA:1,1
DA:2,1
DA:3,1
DA:16,1
DA:43,1
DA:44,6
DA:45,6
DA:46,6
DA:47,6
DA:48,6
DA:49,6
DA:50,6
DA:51,6
DA:52,6
DA:53,6
DA:54,6
DA:55,6
DA:56,6
DA:58,6
DA:59,6
DA:60,6
DA:61,6
DA:62,6
DA:63,6
DA:65,6
DA:66,1
DA:67,1
DA:68,1
DA:69,1
DA:70,1
DA:71,1
DA:72,1
DA:73,1
DA:74,1
DA:75,1
DA:76,1
DA:78,1
DA:79,1
DA:80,1
DA:81,1
DA:82,1
DA:83,1
DA:84,1
DA:85,1
DA:86,1
DA:88,1
DA:90,5
DA:91,5
DA:93,5
DA:94,5
DA:95,5
DA:96,5
DA:97,5
DA:98,5
DA:99,5
DA:100,5
DA:101,5
DA:102,5
DA:103,5
DA:104,5
DA:105,5
DA:107,5
DA:108,5
DA:109,5
DA:110,5
DA:111,5
DA:112,5
DA:113,5
DA:116,5
DA:117,5
DA:119,5
DA:120,5
DA:121,5
DA:122,5
DA:123,5
DA:124,5
DA:125,5
DA:126,5
DA:127,5
DA:128,5
DA:129,5
DA:130,5
DA:131,5
DA:132,5
DA:133,5
DA:134,5
DA:135,5
DA:136,5
DA:137,5
DA:138,5
DA:139,5
DA:140,5
DA:142,5
DA:145,5
DA:146,5
DA:147,5
DA:148,5
DA:149,5
DA:150,5
DA:151,5
DA:152,5
DA:153,5
DA:154,5
DA:155,5
DA:156,5
DA:157,5
DA:158,5
DA:159,5
DA:160,5
DA:161,5
DA:162,5
DA:163,5
DA:164,5
DA:165,5
DA:166,5
DA:167,5
DA:168,5
DA:169,5
DA:170,5
DA:171,5
DA:172,5
DA:173,5
DA:174,5
DA:175,5
DA:176,5
DA:177,5
DA:178,5
DA:180,5
DA:183,5
DA:184,5
DA:185,5
DA:186,5
DA:187,5
DA:188,5
DA:189,10
DA:190,10
DA:191,10
DA:193,10
DA:194,10
DA:195,10
DA:196,10
DA:197,10
DA:198,10
DA:199,10
DA:200,10
DA:201,10
DA:202,5
DA:203,5
DA:204,10
DA:206,10
DA:207,10
DA:208,10
DA:209,5
DA:210,5
DA:211,5
DA:213,5
DA:216,5
DA:217,5
DA:218,5
DA:219,5
DA:220,5
DA:221,5
DA:222,10
DA:223,10
DA:224,10
DA:226,10
DA:227,10
DA:228,10
DA:229,10
DA:230,10
DA:231,10
DA:232,10
DA:233,5
DA:234,5
DA:235,5
DA:236,5
DA:237,5
DA:239,5
LF:178
LH:178
BRDA:43,0,0,6
BRDA:65,1,0,1
BRDA:88,2,0,5
BRDA:60,3,0,18
BRDA:188,4,0,10
BRDA:201,5,0,5
BRDA:202,6,0,5
BRDA:221,7,0,10
BRF:8
BRH:8
end_of_record
TN:
SF:src/components/coach/message-tracker.tsx
FN:9,MessageTracker
FNF:1
FNH:1
FNDA:5,MessageTracker
DA:1,1
DA:2,1
DA:9,1
DA:10,5
DA:11,5
DA:12,5
DA:13,4
DA:14,4
DA:15,4
DA:16,4
DA:17,2
DA:19,2
DA:21,4
DA:22,4
DA:23,4
DA:24,4
DA:25,4
DA:27,4
DA:28,4
DA:29,4
DA:31,5
DA:32,5
DA:34,5
LF:23
LH:23
BRDA:9,0,0,5
BRDA:12,1,0,4
BRDA:16,2,0,2
BRDA:17,3,0,2
BRDA:24,4,0,2
BRDA:24,5,0,2
BRF:6
BRH:6
end_of_record
TN:
SF:src/components/coach/right-panel.tsx
FN:34,RightPanel
FNF:1
FNH:1
FNDA:5,RightPanel
DA:1,1
DA:2,1
DA:3,1
DA:12,1
DA:34,1
DA:35,5
DA:36,5
DA:37,5
DA:38,5
DA:39,5
DA:40,5
DA:41,5
DA:42,5
DA:44,5
DA:45,1
DA:46,1
DA:47,1
DA:48,1
DA:49,1
DA:50,1
DA:51,1
DA:52,1
DA:53,1
DA:54,1
DA:55,1
DA:57,1
DA:58,1
DA:59,1
DA:60,1
DA:61,1
DA:62,1
DA:63,1
DA:64,1
DA:65,1
DA:67,1
DA:69,4
DA:70,4
DA:72,4
DA:73,4
DA:74,4
DA:75,4
DA:76,4
DA:77,4
DA:78,4
DA:79,4
DA:80,4
DA:81,4
DA:82,4
DA:83,4
DA:84,4
DA:86,4
DA:87,4
DA:88,4
DA:89,4
DA:90,4
DA:91,4
DA:92,4
DA:95,4
DA:97,4
DA:98,4
DA:99,4
DA:100,4
DA:101,4
DA:102,4
DA:103,8
DA:104,8
DA:105,8
DA:106,8
DA:107,8
DA:108,8
DA:109,4
DA:110,4
DA:111,4
DA:113,4
DA:116,4
DA:117,4
DA:118,4
DA:119,4
DA:120,4
DA:121,4
DA:122,8
DA:123,8
DA:124,8
DA:125,8
DA:126,8
DA:127,4
DA:128,4
DA:129,4
DA:131,4
DA:134,4
DA:135,4
DA:136,4
DA:137,4
DA:138,4
DA:139,4
DA:140,4
DA:141,4
DA:142,4
DA:143,4
DA:144,4
DA:145,4
DA:146,4
DA:147,4
DA:148,4
DA:149,4
DA:150,4
DA:151,4
DA:152,4
DA:153,4
DA:154,4
DA:155,4
DA:156,4
DA:157,4
DA:158,4
DA:160,4
LF:115
LH:115
BRDA:34,0,0,5
BRDA:44,1,0,1
BRDA:67,2,0,4
BRDA:102,3,0,8
BRDA:121,4,0,8
BRF:5
BRH:5
end_of_record
TN:
SF:src/components/coach/scenario-card.tsx
FN:18,ScenarioCard
FN:84,onClick
FNF:2
FNH:2
FNDA:5,ScenarioCard
FNDA:1,onClick
DA:1,1
DA:2,1
DA:3,1
DA:4,1
DA:12,1
DA:13,1
DA:14,1
DA:15,1
DA:16,1
DA:18,1
DA:19,5
DA:21,5
DA:22,5
DA:23,5
DA:24,5
DA:25,5
DA:26,5
DA:28,5
DA:29,5
DA:31,5
DA:32,5
DA:33,5
DA:36,5
DA:37,5
DA:38,5
DA:39,5
DA:40,5
DA:43,5
DA:44,5
DA:45,5
DA:46,5
DA:47,5
DA:48,5
DA:49,5
DA:50,5
DA:51,5
DA:52,5
DA:55,5
DA:56,5
DA:57,5
DA:58,5
DA:59,5
DA:60,5
DA:61,5
DA:62,5
DA:63,5
DA:64,5
DA:65,5
DA:66,5
DA:67,5
DA:68,5
DA:69,5
DA:70,5
DA:74,5
DA:75,5
DA:76,5
DA:77,5
DA:78,5
DA:79,5
DA:81,5
DA:82,5
DA:83,5
DA:84,5
DA:85,5
DA:87,5
DA:88,5
DA:89,5
DA:90,5
DA:91,5
DA:93,5
LF:70
LH:70
BRDA:18,0,0,5
BRDA:26,1,0,0
BRDA:46,2,0,0
BRDA:23,3,0,15
BRDA:84,4,0,1
BRF:5
BRH:3
end_of_record
TN:
SF:src/components/coach/scenario-panel.tsx
FN:25,ScenarioPanel
FNF:1
FNH:1
FNDA:6,ScenarioPanel
DA:1,1
DA:2,1
DA:3,1
DA:14,1
DA:25,1
DA:26,6
DA:27,6
DA:28,6
DA:29,6
DA:30,6
DA:31,6
DA:33,6
DA:34,6
DA:35,6
DA:36,6
DA:37,6
DA:38,6
DA:40,6
DA:41,1
DA:42,1
DA:43,1
DA:44,1
DA:45,1
DA:46,1
DA:47,1
DA:48,1
DA:49,1
DA:51,1
DA:52,1
DA:53,1
DA:55,1
DA:57,5
DA:58,5
DA:59,5
DA:60,5
DA:61,5
DA:62,5
DA:63,5
DA:65,5
DA:66,5
DA:67,5
DA:68,5
DA:69,5
DA:70,5
DA:71,5
DA:72,5
DA:73,5
DA:74,5
DA:76,5
DA:77,5
DA:78,5
DA:80,5
DA:82,5
DA:83,5
DA:84,5
DA:85,5
DA:86,5
DA:87,5
DA:88,5
DA:89,5
DA:90,5
DA:91,5
DA:92,5
DA:93,5
DA:94,5
DA:95,5
DA:96,5
DA:97,5
DA:98,5
DA:99,5
DA:100,5
DA:101,5
DA:102,5
DA:105,5
DA:106,4
DA:107,4
DA:108,4
DA:109,4
DA:110,4
DA:111,4
DA:112,4
DA:113,4
DA:114,4
DA:115,4
DA:116,4
DA:117,4
DA:118,4
DA:119,4
DA:120,4
DA:121,4
DA:122,4
DA:123,4
DA:124,4
DA:125,4
DA:126,4
DA:127,4
DA:128,4
DA:132,6
DA:133,6
DA:134,6
DA:135,6
DA:136,6
DA:137,6
DA:138,6
DA:139,6
DA:142,6
DA:143,6
DA:144,6
DA:145,6
DA:146,6
DA:147,6
DA:148,25
DA:149,25
DA:150,25
DA:151,25
DA:152,6
DA:153,6
DA:154,6
DA:155,6
DA:156,6
DA:158,6
LF:121
LH:121
BRDA:25,0,0,6
BRDA:33,1,0,5
BRDA:38,2,0,1
BRDA:40,3,0,1
BRDA:55,4,0,5
BRDA:105,5,0,4
BRDA:35,6,0,15
BRDA:147,7,0,25
BRF:8
BRH:8
end_of_record
TN:
SF:src/components/coach/session-timer.tsx
FN:8,formatElapsed
FN:16,SessionTimer
FN:24,update
FNF:3
FNH:3
FNDA:8,formatElapsed
FNDA:8,SessionTimer
FNDA:4,update
DA:1,1
DA:2,1
DA:8,8
DA:9,8
DA:10,8
DA:11,8
DA:12,8
DA:13,8
DA:14,8
DA:16,1
DA:17,8
DA:19,8
DA:20,5
DA:22,3
DA:24,3
DA:25,4
DA:26,4
DA:28,3
DA:29,3
DA:30,3
DA:31,8
DA:33,8
DA:34,8
DA:35,8
DA:36,8
DA:37,8
DA:39,8
LF:27
LH:27
BRDA:8,0,0,8
BRDA:16,1,0,8
BRDA:19,2,0,5
BRDA:20,3,0,2
BRDA:20,4,0,3
BRDA:24,5,0,4
BRDA:30,6,0,3
BRF:7
BRH:7
end_of_record
TN:
SF:src/components/coach/typing-indicator.tsx
FN:1,TypingIndicator
FNF:1
FNH:1
FNDA:3,TypingIndicator
DA:1,1
DA:2,3
DA:3,3
DA:4,3
DA:5,3
DA:7,3
DA:8,3
DA:9,3
DA:10,3
DA:11,3
DA:12,3
DA:13,3
DA:14,3
DA:15,3
DA:16,3
DA:17,3
DA:18,3
DA:19,3
DA:20,3
DA:21,3
DA:23,3
LF:21
LH:21
BRDA:1,0,0,3
BRF:1
BRH:1
end_of_record
TN:
SF:src/components/layouts/admin-layout.tsx
FN:52,SidebarNavItem
FN:94,AdminLayout
FN:151,onClick
FN:180,onClick
FN:196,onClick
FNF:5
FNH:3
FNDA:64,SidebarNavItem
FNDA:8,AdminLayout
FNDA:1,onClick
FNDA:0,onClick
FNDA:0,onClick
DA:1,1
DA:2,1
DA:3,1
DA:4,1
DA:18,1
DA:36,1
DA:37,1
DA:38,1
DA:39,1
DA:41,1
DA:42,1
DA:43,1
DA:44,1
DA:45,1
DA:46,1
DA:47,1
DA:48,1
DA:49,1
DA:50,1
DA:52,64
DA:53,64
DA:54,64
DA:55,64
DA:56,64
DA:57,64
DA:62,64
DA:63,64
DA:64,64
DA:66,64
DA:67,64
DA:68,64
DA:69,64
DA:70,64
DA:71,64
DA:72,64
DA:73,8
DA:74,56
DA:75,64
DA:77,64
DA:78,64
DA:79,64
DA:82,64
DA:83,8
DA:84,8
DA:85,8
DA:86,8
DA:87,8
DA:89,8
DA:91,56
DA:92,56
DA:94,1
DA:95,8
DA:96,8
DA:97,8
DA:98,8
DA:99,8
DA:100,8
DA:102,8
DA:103,8
DA:104,8
DA:105,8
DA:106,8
DA:107,8
DA:108,8
DA:109,0
DA:111,8
DA:112,8
DA:113,8
DA:115,8
DA:116,8
DA:117,8
DA:118,8
DA:119,8
DA:120,8
DA:123,8
DA:124,8
DA:126,8
DA:127,8
DA:128,7
DA:130,7
DA:132,8
DA:135,8
DA:136,8
DA:137,64
DA:138,64
DA:139,64
DA:140,64
DA:141,64
DA:142,64
DA:143,8
DA:144,8
DA:147,8
DA:148,8
DA:149,8
DA:150,8
DA:151,8
DA:152,8
DA:154,8
DA:155,1
DA:157,7
DA:159,8
DA:160,8
DA:161,8
DA:164,8
DA:165,8
DA:166,8
DA:167,8
DA:168,8
DA:170,8
DA:171,8
DA:172,8
DA:173,8
DA:174,8
DA:175,64
DA:176,64
DA:177,64
DA:178,64
DA:179,64
DA:180,64
DA:181,64
DA:182,8
DA:183,8
DA:184,8
DA:185,8
DA:188,8
DA:190,8
DA:192,8
DA:193,8
DA:194,8
DA:195,8
DA:196,8
DA:198,8
DA:199,8
DA:202,8
DA:204,8
DA:207,8
DA:208,8
DA:209,8
DA:210,8
DA:211,8
DA:212,8
DA:213,8
DA:215,8
DA:216,8
DA:217,8
DA:218,8
DA:219,8
DA:220,8
DA:221,8
DA:222,8
DA:223,8
DA:224,8
DA:225,8
DA:226,8
DA:227,8
DA:228,8
DA:229,8
DA:230,8
DA:231,8
DA:232,8
DA:233,8
DA:234,8
DA:235,8
DA:238,8
DA:239,8
DA:240,8
DA:241,8
DA:242,8
DA:243,8
DA:245,8
LF:170
LH:169
BRDA:52,0,0,64
BRDA:72,1,0,8
BRDA:73,2,0,56
BRDA:78,3,0,56
BRDA:82,4,0,8
BRDA:89,5,0,56
BRDA:94,6,0,8
BRDA:108,7,0,0
BRDA:118,8,0,1
BRDA:118,9,0,7
BRDA:127,10,0,7
BRDA:154,11,0,1
BRDA:155,12,0,7
BRDA:105,13,0,16
BRDA:136,14,0,64
BRDA:151,15,0,1
BRDA:174,16,0,64
BRF:17
BRH:16
end_of_record
TN:
SF:src/components/layouts/auth-layout.tsx
FN:4,AuthLayout
FNF:1
FNH:1
FNDA:7,AuthLayout
DA:1,1
DA:2,1
DA:4,1
DA:5,7
DA:6,7
DA:7,7
DA:8,7
DA:9,7
DA:10,7
DA:11,7
DA:12,7
DA:13,7
DA:14,7
DA:16,7
LF:14
LH:14
BRDA:4,0,0,7
BRF:1
BRH:1
end_of_record
TN:
SF:src/components/layouts/user-layout.tsx
FN:41,UserLayout
FN:69,onClick
FN:161,onClick
FNF:3
FNH:1
FNDA:8,UserLayout
FNDA:0,onClick
FNDA:0,onClick
DA:1,1
DA:2,1
DA:3,1
DA:4,1
DA:14,1
DA:28,1
DA:29,1
DA:30,1
DA:31,1
DA:32,1
DA:34,1
DA:35,1
DA:36,1
DA:37,1
DA:38,1
DA:39,1
DA:41,1
DA:42,8
DA:43,8
DA:44,8
DA:45,8
DA:46,8
DA:47,8
DA:48,8
DA:50,8
DA:51,8
DA:52,8
DA:53,8
DA:54,8
DA:55,8
DA:56,8
DA:57,0
DA:59,8
DA:60,8
DA:62,8
DA:63,8
DA:65,8
DA:66,8
DA:67,8
DA:68,8
DA:69,8
DA:71,8
DA:72,8
DA:75,8
DA:76,8
DA:78,8
DA:79,8
DA:80,8
DA:83,8
DA:84,8
DA:85,32
DA:86,32
DA:87,32
DA:88,32
DA:89,32
DA:90,32
DA:91,32
DA:92,32
DA:93,8
DA:94,24
DA:95,32
DA:97,32
DA:98,32
DA:100,32
DA:101,0
DA:103,32
DA:104,8
DA:106,32
DA:108,8
DA:109,8
DA:112,8
DA:113,8
DA:114,8
DA:115,8
DA:116,8
DA:119,8
DA:120,8
DA:121,8
DA:122,8
DA:123,8
DA:125,8
DA:126,8
DA:127,8
DA:128,8
DA:129,8
DA:130,8
DA:131,8
DA:132,8
DA:133,8
DA:134,8
DA:135,8
DA:136,8
DA:137,8
DA:138,8
DA:139,8
DA:140,8
DA:141,8
DA:142,8
DA:143,8
DA:144,8
DA:145,8
DA:146,8
DA:149,8
DA:150,8
DA:151,8
DA:152,8
DA:153,8
DA:154,8
DA:155,8
DA:156,32
DA:157,32
DA:158,32
DA:159,32
DA:160,32
DA:161,32
DA:162,32
DA:163,32
DA:164,32
DA:165,8
DA:166,24
DA:167,32
DA:169,32
DA:170,32
DA:171,32
DA:173,8
DA:174,8
DA:175,8
DA:176,8
DA:179,8
DA:180,8
DA:181,8
DA:184,8
DA:186,8
DA:187,8
DA:189,8
LF:135
LH:133
BRDA:41,0,0,8
BRDA:56,1,0,0
BRDA:53,2,0,16
BRDA:84,3,0,32
BRDA:92,4,0,8
BRDA:93,5,0,24
BRDA:100,6,0,8
BRDA:100,7,0,0
BRDA:103,8,0,8
BRDA:155,9,0,32
BRDA:164,10,0,8
BRDA:165,11,0,24
BRF:12
BRH:10
end_of_record
TN:
SF:src/components/scoring/dimension-bars.tsx
FN:8,getBarColor
FN:14,DimensionBars
FNF:2
FNH:2
FNDA:6,getBarColor
FNDA:5,DimensionBars
DA:1,1
DA:8,6
DA:9,6
DA:10,6
DA:11,1
DA:12,1
DA:14,1
DA:15,5
DA:16,5
DA:17,5
DA:18,6
DA:19,6
DA:20,6
DA:21,6
DA:22,6
DA:23,6
DA:24,6
DA:25,6
DA:26,6
DA:27,6
DA:28,6
DA:30,6
DA:31,6
DA:32,6
DA:33,6
DA:34,6
DA:35,6
DA:36,6
DA:37,6
DA:38,6
DA:39,5
DA:40,5
DA:42,5
LF:33
LH:33
BRDA:8,0,0,6
BRDA:9,1,0,2
BRDA:9,2,0,4
BRDA:10,3,0,3
BRDA:10,4,0,1
BRDA:14,5,0,5
BRDA:17,6,0,6
BRF:7
BRH:7
end_of_record
TN:
SF:src/components/scoring/feedback-card.tsx
FN:16,getScoreColor
FN:22,FeedbackCard
FNF:2
FNH:2
FNDA:4,getScoreColor
FNDA:4,FeedbackCard
DA:1,1
DA:2,1
DA:3,1
DA:9,1
DA:16,4
DA:17,4
DA:18,4
DA:19,1
DA:20,1
DA:22,1
DA:23,4
DA:25,4
DA:26,4
DA:27,4
DA:28,4
DA:29,4
DA:30,4
DA:31,4
DA:32,4
DA:33,4
DA:34,4
DA:35,4
DA:37,4
DA:38,1
DA:39,1
DA:40,1
DA:41,1
DA:42,1
DA:43,1
DA:44,1
DA:45,2
DA:46,2
DA:47,2
DA:48,1
DA:49,1
DA:50,1
DA:52,2
DA:53,1
DA:54,1
DA:55,1
DA:59,4
DA:60,1
DA:61,1
DA:62,1
DA:63,1
DA:64,1
DA:65,1
DA:66,1
DA:67,1
DA:68,1
DA:69,1
DA:70,1
DA:71,1
DA:72,1
DA:74,1
DA:75,1
DA:76,1
DA:77,1
DA:81,4
DA:82,1
DA:83,1
DA:84,1
DA:85,1
DA:86,1
DA:87,1
DA:88,1
DA:89,1
DA:90,1
DA:91,1
DA:92,1
DA:93,1
DA:94,1
DA:96,4
DA:97,4
DA:99,4
LF:75
LH:75
BRDA:16,0,0,4
BRDA:17,1,0,2
BRDA:18,2,0,1
BRDA:22,3,0,4
BRDA:37,4,0,1
BRDA:59,5,0,1
BRDA:81,6,0,1
BRDA:44,7,0,2
BRDA:47,8,0,1
BRDA:66,9,0,1
BRDA:88,10,0,1
BRF:11
BRH:11
end_of_record
TN:
SF:src/components/scoring/radar-chart.tsx
FN:20,RadarChart
FNF:1
FNH:1
FNDA:4,RadarChart
DA:1,1
DA:20,1
DA:21,4
DA:22,4
DA:23,4
DA:25,4
DA:26,12
DA:27,12
DA:28,12
DA:29,12
DA:30,12
DA:31,12
DA:32,4
DA:34,4
DA:35,4
DA:36,4
DA:37,4
DA:38,4
DA:39,4
DA:40,4
DA:41,4
DA:42,4
DA:43,4
DA:44,4
DA:45,4
DA:46,4
DA:47,4
DA:48,1
DA:49,1
DA:50,1
DA:51,1
DA:52,1
DA:53,1
DA:54,1
DA:56,4
DA:57,4
DA:58,4
DA:59,4
DA:60,4
DA:61,4
DA:62,4
DA:63,4
DA:64,4
DA:65,4
DA:67,4
LF:45
LH:45
BRDA:20,0,0,4
BRDA:47,1,0,1
BRDA:47,2,0,1
BRDA:25,3,0,12
BRDA:26,4,0,3
BRDA:30,5,0,3
BRDA:30,6,0,9
BRDA:26,7,0,6
BRF:8
BRH:8
end_of_record
TN:
SF:src/components/scoring/score-summary.tsx
FN:12,getGrade
FN:18,ScoreSummary
FNF:2
FNH:2
FNDA:7,getGrade
FNDA:7,ScoreSummary
DA:1,1
DA:2,1
DA:3,1
DA:4,1
DA:12,7
DA:13,7
DA:14,7
DA:15,2
DA:16,2
DA:18,1
DA:19,7
DA:20,7
DA:22,7
DA:23,7
DA:24,7
DA:26,7
DA:27,7
DA:28,7
DA:29,7
DA:30,7
DA:31,7
DA:32,7
DA:33,7
DA:34,7
DA:36,7
DA:37,2
DA:38,2
DA:39,2
DA:40,2
DA:41,2
DA:43,2
DA:44,1
DA:46,1
DA:48,2
DA:49,2
DA:50,1
DA:51,1
DA:52,2
DA:53,2
DA:55,7
DA:56,7
DA:58,7
LF:42
LH:42
BRDA:12,0,0,7
BRDA:13,1,0,3
BRDA:13,2,0,4
BRDA:14,3,0,2
BRDA:18,4,0,7
BRDA:31,5,0,5
BRDA:31,6,0,2
BRDA:32,7,0,5
BRDA:32,8,0,2
BRDA:36,9,0,3
BRDA:36,10,0,2
BRDA:40,11,0,1
BRDA:40,12,0,1
BRDA:43,13,0,1
BRDA:44,14,0,1
BRDA:49,15,0,1
BRDA:50,16,0,1
BRF:17
BRH:17
end_of_record
TN:
SF:src/components/shared/action-card.tsx
FN:23,ActionCard
FNF:1
FNH:1
FNDA:4,ActionCard
DA:2,1
DA:3,1
DA:13,1
DA:14,1
DA:15,1
DA:16,1
DA:18,1
DA:19,1
DA:20,1
DA:21,1
DA:23,1
DA:24,4
DA:25,4
DA:26,4
DA:27,4
DA:28,4
DA:29,4
DA:30,4
DA:31,4
DA:32,4
DA:33,4
DA:34,4
DA:35,4
DA:37,4
DA:38,4
DA:39,4
DA:41,4
DA:42,4
DA:43,4
DA:44,4
DA:46,4
DA:47,4
DA:48,4
DA:49,4
DA:50,4
DA:52,4
DA:53,4
DA:55,4
LF:38
LH:38
BRDA:23,0,0,4
BRF:1
BRH:1
end_of_record
TN:
SF:src/components/shared/chat-bubble.tsx
FN:9,formatTime
FN:15,ChatBubble
FNF:2
FNH:2
FNDA:6,formatTime
FNDA:6,ChatBubble
DA:1,1
DA:9,6
DA:10,6
DA:11,6
DA:12,6
DA:13,6
DA:15,1
DA:16,6
DA:17,6
DA:18,6
DA:19,6
DA:20,6
DA:21,6
DA:23,6
DA:24,6
DA:25,6
DA:26,6
DA:27,6
DA:28,4
DA:29,2
DA:30,6
DA:32,6
DA:33,6
DA:34,6
DA:35,6
DA:36,6
DA:37,6
DA:38,6
DA:40,6
DA:41,6
DA:42,6
DA:43,6
DA:45,6
LF:33
LH:33
BRDA:9,0,0,6
BRDA:15,1,0,6
BRDA:20,2,0,4
BRDA:20,3,0,2
BRDA:27,4,0,4
BRDA:28,5,0,2
BRDA:37,6,0,2
BRF:7
BRH:7
end_of_record
TN:
SF:src/components/shared/chat-input.tsx
FN:22,ChatInput
FN:59,onChange
FN:130,onClick
FN:142,onClick
FNF:4
FNH:2
FNDA:31,ChatInput
FNDA:15,onChange
FNDA:0,onClick
FNDA:0,onClick
DA:1,1
DA:2,1
DA:3,1
DA:4,1
DA:12,1
DA:22,1
DA:23,31
DA:24,31
DA:25,31
DA:26,31
DA:27,31
DA:28,31
DA:29,31
DA:30,31
DA:31,31
DA:33,31
DA:34,2
DA:35,2
DA:36,2
DA:37,2
DA:38,2
DA:39,31
DA:41,31
DA:42,31
DA:43,15
DA:44,0
DA:45,0
DA:46,0
DA:47,15
DA:48,31
DA:49,31
DA:51,31
DA:53,31
DA:54,31
DA:55,31
DA:56,31
DA:57,31
DA:58,31
DA:59,31
DA:60,31
DA:61,31
DA:62,31
DA:63,31
DA:64,31
DA:65,31
DA:67,31
DA:68,31
DA:69,31
DA:70,31
DA:71,31
DA:72,31
DA:73,31
DA:74,31
DA:75,31
DA:76,0
DA:77,31
DA:78,31
DA:79,31
DA:80,31
DA:81,31
DA:82,31
DA:83,31
DA:84,0
DA:85,31
DA:88,31
DA:89,0
DA:91,31
DA:93,31
DA:94,31
DA:95,31
DA:96,31
DA:97,0
DA:98,31
DA:99,31
DA:100,31
DA:101,31
DA:103,31
DA:104,31
DA:105,31
DA:106,31
DA:107,31
DA:108,31
DA:109,31
DA:110,31
DA:111,31
DA:113,31
DA:114,31
DA:115,31
DA:116,31
DA:117,31
DA:118,31
DA:119,31
DA:121,31
DA:122,31
DA:123,31
DA:124,31
DA:125,31
DA:126,31
DA:127,31
DA:128,0
DA:129,31
DA:130,31
DA:132,31
DA:133,31
DA:134,31
DA:135,31
DA:136,31
DA:137,31
DA:138,31
DA:139,0
DA:140,31
DA:141,31
DA:142,31
DA:144,31
DA:145,31
DA:146,31
DA:147,31
DA:149,31
LF:118
LH:109
BRDA:22,0,0,31
BRDA:51,1,0,15
BRDA:62,2,0,30
BRDA:75,3,0,0
BRDA:78,4,0,0
BRDA:83,5,0,0
BRDA:88,6,0,0
BRDA:96,7,0,0
BRDA:110,8,0,30
BRDA:127,9,0,0
BRDA:138,10,0,0
BRDA:33,11,0,2
BRDA:35,12,0,0
BRDA:42,13,0,15
BRDA:43,14,0,0
BRDA:43,15,0,0
BRDA:59,16,0,15
BRF:17
BRH:7
end_of_record
TN:
SF:src/components/shared/dimension-bar.tsx
FN:9,DimensionBar
FNF:1
FNH:1
FNDA:8,DimensionBar
DA:1,1
DA:9,1
DA:10,8
DA:11,8
DA:12,8
DA:13,8
DA:14,8
DA:16,8
DA:17,8
DA:18,8
DA:19,8
DA:20,8
DA:21,8
DA:22,8
DA:23,8
DA:24,8
DA:25,8
DA:26,8
DA:27,8
DA:28,8
DA:29,8
DA:30,8
DA:32,8
LF:23
LH:23
BRDA:9,0,0,8
BRF:1
BRH:1
end_of_record
TN:
SF:src/components/shared/empty-state.tsx
FN:11,EmptyState
FNF:1
FNH:1
FNDA:4,EmptyState
DA:2,1
DA:3,1
DA:11,1
DA:12,4
DA:14,4
DA:15,4
DA:16,4
DA:17,4
DA:18,4
DA:19,4
DA:20,4
DA:21,4
DA:22,4
DA:23,4
DA:24,4
DA:25,4
DA:26,4
DA:28,4
LF:18
LH:18
BRDA:11,0,0,4
BRDA:20,1,0,0
BRDA:23,2,0,0
BRDA:25,3,0,0
BRF:4
BRH:1
end_of_record
TN:
SF:src/components/shared/hcp-profile-card.tsx
FN:38,getInitials
FN:48,HCPProfileCard
FNF:2
FNH:2
FNDA:12,getInitials
FNDA:12,HCPProfileCard
DA:1,1
DA:10,1
DA:24,1
DA:25,1
DA:26,1
DA:27,1
DA:28,1
DA:30,1
DA:31,1
DA:32,1
DA:33,1
DA:34,1
DA:35,1
DA:36,1
DA:38,12
DA:39,12
DA:40,12
DA:41,12
DA:42,12
DA:43,12
DA:44,12
DA:45,12
DA:46,12
DA:48,1
DA:49,12
DA:50,12
DA:51,12
DA:52,12
DA:53,12
DA:54,12
DA:55,12
DA:56,12
DA:57,12
DA:58,12
DA:59,12
DA:60,12
DA:61,12
DA:62,12
DA:63,12
DA:64,1
DA:65,11
DA:66,12
DA:67,12
DA:68,12
DA:69,12
DA:71,12
DA:72,12
DA:73,12
DA:74,12
DA:75,1
DA:77,12
DA:79,12
DA:80,12
DA:82,12
DA:84,12
DA:85,12
DA:86,27
DA:87,27
DA:88,27
DA:89,27
DA:90,27
DA:91,27
DA:93,27
DA:94,27
DA:95,12
DA:96,12
DA:98,12
DA:100,12
DA:101,12
DA:102,12
DA:103,12
DA:105,12
DA:106,12
DA:108,12
DA:110,12
DA:111,12
DA:112,12
DA:114,12
LF:78
LH:78
BRDA:38,0,0,12
BRDA:41,1,0,23
BRDA:48,2,0,12
BRDA:63,3,0,1
BRDA:64,4,0,11
BRDA:74,5,0,1
BRDA:102,6,0,0
BRDA:85,7,0,27
BRF:8
BRH:7
end_of_record
TN:
SF:src/components/shared/index.ts
FNF:0
FNH:0
DA:1,1
DA:2,1
DA:3,1
DA:4,1
DA:5,1
DA:6,1
DA:7,1
DA:8,1
DA:9,1
DA:10,1
DA:11,1
DA:12,1
DA:13,1
DA:14,1
LF:14
LH:14
BRF:0
BRH:0
end_of_record
TN:
SF:src/components/shared/language-switcher.tsx
FN:16,LanguageSwitcher
FN:30,onClick
FNF:2
FNH:2
FNDA:4,LanguageSwitcher
FNDA:2,onClick
DA:1,1
DA:2,1
DA:3,1
DA:9,1
DA:11,1
DA:12,1
DA:13,1
DA:14,1
DA:16,1
DA:17,4
DA:19,4
DA:20,4
DA:21,4
DA:22,4
DA:23,4
DA:24,4
DA:25,4
DA:26,4
DA:27,4
DA:28,8
DA:29,8
DA:30,8
DA:31,8
DA:32,8
DA:35,8
DA:36,8
DA:37,4
DA:38,4
DA:39,4
DA:41,4
LF:30
LH:30
BRDA:16,0,0,4
BRDA:27,1,0,8
BRDA:32,2,0,0
BRDA:30,3,0,2
BRF:4
BRH:3
end_of_record
TN:
SF:src/components/shared/loading-state.tsx
FN:4,LoadingState
FNF:1
FNH:1
FNDA:3,LoadingState
DA:1,1
DA:2,1
DA:4,1
DA:5,3
DA:7,3
DA:8,3
DA:9,3
DA:10,3
DA:11,3
DA:12,3
DA:14,3
LF:11
LH:11
BRDA:4,0,0,3
BRF:1
BRH:1
end_of_record
TN:
SF:src/components/shared/mini-charts.tsx
FN:7,MiniRadarChart
FN:38,MiniTrendChart
FNF:2
FNH:2
FNDA:2,MiniRadarChart
FNDA:2,MiniTrendChart
DA:7,1
DA:9,2
DA:10,2
DA:11,2
DA:12,2
DA:13,2
DA:14,2
DA:15,2
DA:17,2
DA:19,2
DA:20,2
DA:21,2
DA:22,2
DA:23,2
DA:24,2
DA:25,2
DA:27,2
DA:28,2
DA:29,2
DA:30,2
DA:31,2
DA:32,2
DA:33,2
DA:34,2
DA:36,2
DA:38,1
DA:39,2
DA:40,2
DA:41,2
DA:42,2
DA:43,2
DA:44,2
DA:45,2
DA:47,2
DA:48,2
DA:49,2
DA:50,2
DA:51,2
DA:52,2
DA:53,2
DA:54,2
DA:55,2
DA:57,2
LF:43
LH:43
BRDA:7,0,0,2
BRDA:17,1,0,10
BRDA:38,2,0,2
BRF:3
BRH:3
end_of_record
TN:
SF:src/components/shared/recommended-scenario.tsx
FN:16,RecommendedScenario
FNF:1
FNH:1
FNDA:9,RecommendedScenario
DA:1,1
DA:2,1
DA:10,1
DA:11,1
DA:12,1
DA:13,1
DA:14,1
DA:16,1
DA:17,9
DA:18,9
DA:19,9
DA:20,9
DA:21,9
DA:22,9
DA:23,9
DA:24,9
DA:25,9
DA:26,9
DA:27,9
DA:29,9
DA:30,9
DA:31,9
DA:32,9
DA:33,9
DA:34,9
DA:36,9
DA:37,9
DA:38,9
DA:39,9
DA:40,9
DA:42,9
DA:43,9
DA:45,9
DA:47,9
DA:48,9
DA:50,9
LF:36
LH:36
BRDA:16,0,0,9
BRDA:39,1,0,1
BRF:2
BRH:2
end_of_record
TN:
SF:src/components/shared/score-card.tsx
FN:12,MiniBarChart
FN:39,ScoreCard
FNF:2
FNH:2
FNDA:4,MiniBarChart
FNDA:5,ScoreCard
DA:1,1
DA:2,1
DA:3,1
DA:12,4
DA:13,4
DA:15,4
DA:16,4
DA:17,4
DA:18,4
DA:19,4
DA:20,4
DA:21,4
DA:23,4
DA:24,20
DA:25,20
DA:26,20
DA:27,20
DA:28,20
DA:29,20
DA:30,20
DA:31,20
DA:32,20
DA:33,20
DA:34,4
DA:35,4
DA:37,4
DA:39,1
DA:40,5
DA:41,5
DA:42,5
DA:43,5
DA:45,5
DA:46,5
DA:47,5
DA:49,5
DA:50,2
DA:51,2
DA:52,1
DA:54,1
DA:56,2
DA:57,2
DA:58,2
DA:59,2
DA:60,1
DA:61,1
DA:62,2
DA:64,2
DA:65,2
DA:66,2
DA:68,5
DA:70,5
DA:71,5
DA:72,5
DA:74,5
LF:54
LH:54
BRDA:12,0,0,4
BRDA:23,1,0,20
BRDA:39,2,0,5
BRDA:49,3,0,2
BRDA:51,4,0,1
BRDA:52,5,0,1
BRDA:59,6,0,1
BRDA:60,7,0,1
BRDA:70,8,0,4
BRF:9
BRH:9
end_of_record
TN:
SF:src/components/shared/session-item.tsx
FN:15,getInitials
FN:25,SessionItem
FNF:2
FNH:2
FNDA:5,getInitials
FNDA:5,SessionItem
DA:1,1
DA:2,1
DA:3,1
DA:15,5
DA:16,5
DA:17,5
DA:18,5
DA:19,5
DA:20,5
DA:21,5
DA:22,5
DA:23,5
DA:25,1
DA:26,5
DA:27,5
DA:28,5
DA:29,5
DA:30,5
DA:31,5
DA:32,5
DA:33,5
DA:34,5
DA:35,5
DA:36,5
DA:37,5
DA:38,5
DA:40,5
DA:41,5
DA:42,5
DA:43,5
DA:44,5
DA:45,5
DA:47,5
DA:48,5
DA:49,5
DA:50,5
DA:52,5
DA:53,5
DA:54,5
DA:55,5
DA:56,5
DA:57,0
DA:58,5
DA:60,5
DA:61,5
DA:63,5
DA:64,5
DA:65,5
DA:66,5
DA:67,5
DA:68,5
DA:69,5
DA:70,0
DA:71,0
DA:72,0
DA:73,5
DA:75,5
DA:76,5
DA:77,5
DA:78,5
DA:79,5
DA:80,5
DA:81,5
DA:83,5
LF:64
LH:60
BRDA:15,0,0,5
BRDA:18,1,0,10
BRDA:25,2,0,5
BRDA:41,3,0,0
BRDA:56,4,0,0
BRDA:69,5,0,0
BRF:6
BRH:3
end_of_record
TN:
SF:src/components/shared/stat-card.tsx
FN:15,StatCard
FNF:1
FNH:1
FNDA:5,StatCard
DA:2,1
DA:3,1
DA:4,1
DA:15,1
DA:16,5
DA:17,5
DA:18,5
DA:19,5
DA:20,5
DA:21,5
DA:22,5
DA:23,5
DA:24,5
DA:25,5
DA:26,5
DA:27,5
DA:28,1
DA:29,1
DA:30,1
DA:32,5
DA:33,5
DA:35,5
DA:36,5
DA:37,5
DA:38,5
DA:40,5
DA:41,1
DA:42,1
DA:43,1
DA:45,0
DA:47,1
DA:48,1
DA:49,1
DA:50,1
DA:51,1
DA:52,0
DA:53,1
DA:55,1
DA:56,1
DA:57,1
DA:60,5
DA:61,1
DA:62,1
DA:63,1
DA:64,1
DA:65,1
DA:66,1
DA:67,1
DA:68,1
DA:70,5
DA:71,5
DA:73,5
LF:52
LH:50
BRDA:15,0,0,5
BRDA:27,1,0,1
BRDA:32,2,0,0
BRDA:40,3,0,1
BRDA:43,4,0,0
BRDA:51,5,0,0
BRDA:60,6,0,1
BRF:7
BRH:4
end_of_record
TN:
SF:src/components/shared/status-badge.tsx
FN:14,StatusBadge
FNF:1
FNH:1
FNDA:12,StatusBadge
DA:1,1
DA:8,1
DA:9,1
DA:10,1
DA:11,1
DA:12,1
DA:14,1
DA:15,12
DA:16,12
DA:17,12
DA:18,12
DA:19,12
DA:21,12
LF:13
LH:13
BRDA:14,0,0,12
BRF:1
BRH:1
end_of_record
TN:
SF:src/components/ui/avatar.tsx
FN:6,Avatar
FN:22,AvatarImage
FN:35,AvatarFallback
FNF:3
FNH:3
FNDA:130,Avatar
FNDA:28,AvatarImage
FNDA:130,AvatarFallback
DA:2,1
DA:4,1
DA:6,130
DA:7,130
DA:8,130
DA:9,130
DA:10,130
DA:11,130
DA:12,130
DA:13,130
DA:14,130
DA:15,130
DA:16,130
DA:17,130
DA:18,130
DA:20,130
DA:22,28
DA:23,28
DA:24,28
DA:25,28
DA:26,28
DA:27,28
DA:28,28
DA:29,28
DA:30,28
DA:31,28
DA:33,28
DA:35,130
DA:36,130
DA:37,130
DA:38,130
DA:39,130
DA:40,130
DA:41,130
DA:42,130
DA:43,130
DA:44,130
DA:45,130
DA:46,130
DA:47,130
DA:49,130
LF:41
LH:41
BRDA:6,0,0,130
BRDA:22,1,0,28
BRDA:35,2,0,130
BRF:3
BRH:3
end_of_record
TN:
SF:src/components/ui/badge.tsx
FN:28,Badge
FNF:1
FNH:1
FNDA:101,Badge
DA:2,1
DA:3,1
DA:5,1
DA:7,1
DA:8,1
DA:9,1
DA:10,1
DA:11,1
DA:12,1
DA:13,1
DA:14,1
DA:15,1
DA:16,1
DA:17,1
DA:18,1
DA:19,1
DA:20,1
DA:21,1
DA:22,1
DA:23,1
DA:24,1
DA:25,1
DA:26,1
DA:28,101
DA:29,101
DA:30,101
DA:31,101
DA:32,101
DA:33,101
DA:34,101
DA:35,101
DA:37,101
DA:38,101
DA:39,101
DA:40,101
DA:41,101
DA:42,101
DA:44,101
LF:38
LH:38
BRDA:28,0,0,101
BRDA:35,1,0,0
BRF:2
BRH:1
end_of_record
TN:
SF:src/components/ui/button.tsx
FNF:0
FNH:0
DA:1,1
DA:2,1
DA:3,1
DA:5,1
DA:7,1
DA:8,1
DA:9,1
DA:10,1
DA:11,1
DA:12,1
DA:13,1
DA:14,1
DA:15,1
DA:16,1
DA:17,1
DA:18,1
DA:19,1
DA:20,1
DA:21,1
DA:22,1
DA:23,1
DA:24,1
DA:25,1
DA:26,1
DA:27,1
DA:28,1
DA:29,1
DA:30,1
DA:31,1
DA:32,1
DA:33,1
DA:34,1
DA:35,1
DA:37,1
DA:43,1
DA:44,639
DA:46,639
DA:47,639
DA:48,639
DA:49,639
DA:50,639
DA:51,639
DA:52,639
DA:54,639
DA:55,1
LF:45
LH:45
BRDA:43,0,0,639
BRDA:44,1,0,4
BRDA:44,2,0,635
BRF:3
BRH:3
end_of_record
TN:
SF:src/components/ui/card.tsx
FN:5,Card
FN:18,CardHeader
FN:31,CardTitle
FN:41,CardDescription
FN:51,CardAction
FN:64,CardContent
FN:74,CardFooter
FNF:7
FNH:7
FNDA:235,Card
FNDA:211,CardHeader
FNDA:189,CardTitle
FNDA:1,CardDescription
FNDA:1,CardAction
FNDA:214,CardContent
FNDA:1,CardFooter
DA:3,1
DA:5,235
DA:6,235
DA:7,235
DA:8,235
DA:9,235
DA:10,235
DA:11,235
DA:12,235
DA:13,235
DA:14,235
DA:16,235
DA:18,211
DA:19,211
DA:20,211
DA:21,211
DA:22,211
DA:23,211
DA:24,211
DA:25,211
DA:26,211
DA:27,211
DA:29,211
DA:31,189
DA:32,189
DA:33,189
DA:34,189
DA:35,189
DA:36,189
DA:37,189
DA:39,189
DA:41,1
DA:42,1
DA:43,1
DA:44,1
DA:45,1
DA:46,1
DA:47,1
DA:49,1
DA:51,1
DA:52,1
DA:53,1
DA:54,1
DA:55,1
DA:56,1
DA:57,1
DA:58,1
DA:59,1
DA:60,1
DA:62,1
DA:64,214
DA:65,214
DA:66,214
DA:67,214
DA:68,214
DA:69,214
DA:70,214
DA:72,214
DA:74,1
DA:75,1
DA:76,1
DA:77,1
DA:78,1
DA:79,1
DA:80,1
DA:82,1
LF:66
LH:66
BRDA:5,0,0,235
BRDA:18,1,0,211
BRDA:31,2,0,189
BRDA:41,3,0,1
BRDA:51,4,0,1
BRDA:64,5,0,214
BRDA:74,6,0,1
BRF:7
BRH:7
end_of_record
TN:
SF:src/components/ui/checkbox.tsx
FN:7,Checkbox
FNF:1
FNH:1
FNDA:57,Checkbox
DA:2,1
DA:3,1
DA:5,1
DA:7,57
DA:8,57
DA:9,57
DA:10,57
DA:11,57
DA:12,57
DA:13,57
DA:14,57
DA:15,57
DA:16,57
DA:17,57
DA:18,57
DA:20,57
DA:21,57
DA:22,57
DA:24,57
DA:25,57
DA:26,57
DA:28,57
LF:22
LH:22
BRDA:7,0,0,57
BRF:1
BRH:1
end_of_record
TN:
SF:src/components/ui/dialog.tsx
FN:7,Dialog
FN:13,DialogTrigger
FN:19,DialogPortal
FN:25,DialogClose
FN:31,DialogOverlay
FN:47,DialogContent
FN:73,DialogHeader
FN:83,DialogFooter
FN:96,DialogTitle
FN:109,DialogDescription
FNF:10
FNH:8
FNDA:70,Dialog
FNDA:0,DialogTrigger
FNDA:70,DialogPortal
FNDA:0,DialogClose
FNDA:43,DialogOverlay
FNDA:70,DialogContent
FNDA:40,DialogHeader
FNDA:13,DialogFooter
FNDA:40,DialogTitle
FNDA:40,DialogDescription
DA:2,1
DA:3,1
DA:5,1
DA:7,70
DA:8,70
DA:9,70
DA:10,70
DA:11,70
DA:13,0
DA:14,0
DA:15,0
DA:16,0
DA:17,0
DA:19,70
DA:20,70
DA:21,70
DA:22,70
DA:23,70
DA:25,0
DA:26,0
DA:27,0
DA:28,0
DA:29,0
DA:31,43
DA:32,43
DA:33,43
DA:34,43
DA:35,43
DA:36,43
DA:37,43
DA:38,43
DA:39,43
DA:40,43
DA:41,43
DA:42,43
DA:43,43
DA:45,43
DA:47,70
DA:48,70
DA:49,70
DA:50,70
DA:51,70
DA:52,70
DA:53,70
DA:54,70
DA:55,70
DA:56,70
DA:57,70
DA:58,70
DA:59,70
DA:60,70
DA:61,70
DA:63,70
DA:64,70
DA:65,70
DA:66,70
DA:67,70
DA:68,70
DA:69,70
DA:71,70
DA:73,40
DA:74,40
DA:75,40
DA:76,40
DA:77,40
DA:78,40
DA:79,40
DA:81,40
DA:83,13
DA:84,13
DA:85,13
DA:86,13
DA:87,13
DA:88,13
DA:89,13
DA:90,13
DA:91,13
DA:92,13
DA:94,13
DA:96,40
DA:97,40
DA:98,40
DA:99,40
DA:100,40
DA:101,40
DA:102,40
DA:103,40
DA:104,40
DA:105,40
DA:107,40
DA:109,40
DA:110,40
DA:111,40
DA:112,40
DA:113,40
DA:114,40
DA:115,40
DA:116,40
DA:117,40
DA:118,40
DA:120,40
LF:101
LH:91
BRDA:7,0,0,70
BRDA:19,1,0,70
BRDA:31,2,0,43
BRDA:47,3,0,70
BRDA:73,4,0,40
BRDA:83,5,0,13
BRDA:96,6,0,40
BRDA:109,7,0,40
BRF:8
BRH:8
end_of_record
TN:
SF:src/components/ui/index.ts
FNF:0
FNH:0
DA:1,1
DA:2,1
DA:11,1
DA:12,1
DA:13,1
DA:14,1
DA:15,1
DA:32,1
DA:44,1
DA:45,1
DA:51,1
DA:61,1
DA:73,1
DA:74,1
DA:75,1
DA:77,1
DA:78,1
DA:88,1
DA:89,1
DA:90,1
DA:91,1
DA:92,1
LF:22
LH:22
BRF:0
BRH:0
end_of_record
TN:
SF:src/components/ui/input.tsx
FN:5,Input
FNF:1
FNH:1
FNDA:253,Input
DA:3,1
DA:5,253
DA:6,253
DA:7,253
DA:8,253
DA:9,253
DA:10,253
DA:11,253
DA:12,253
DA:13,253
DA:14,253
DA:15,253
DA:16,253
DA:17,253
DA:19,253
LF:15
LH:15
BRDA:5,0,0,253
BRF:1
BRH:1
end_of_record
TN:
SF:src/components/ui/label.tsx
FN:6,Label
FNF:1
FNH:1
FNDA:565,Label
DA:2,1
DA:4,1
DA:6,565
DA:7,565
DA:8,565
DA:9,565
DA:10,565
DA:11,565
DA:12,565
DA:13,565
DA:14,565
DA:15,565
DA:16,565
DA:17,565
DA:18,565
DA:20,565
LF:16
LH:16
BRDA:6,0,0,565
BRF:1
BRH:1
end_of_record
TN:
SF:src/components/ui/progress.tsx
FNF:0
FNH:0
DA:1,1
DA:2,1
DA:4,1
DA:6,1
DA:9,1
DA:10,5
DA:11,5
DA:12,5
DA:13,5
DA:14,5
DA:15,5
DA:16,5
DA:18,5
DA:19,5
DA:20,5
DA:21,5
DA:22,5
DA:23,5
DA:24,1
LF:19
LH:19
BRDA:9,0,0,5
BRDA:20,1,0,0
BRF:2
BRH:1
end_of_record
TN:
SF:src/components/ui/scroll-area.tsx
FNF:0
FNH:0
DA:1,1
DA:2,1
DA:4,1
DA:6,1
DA:9,1
DA:10,98
DA:11,98
DA:12,98
DA:13,98
DA:15,98
DA:16,98
DA:17,98
DA:18,98
DA:19,98
DA:20,98
DA:21,98
DA:22,1
DA:24,1
DA:27,1
DA:28,98
DA:29,98
DA:30,98
DA:31,98
DA:32,98
DA:33,98
DA:34,98
DA:35,98
DA:36,0
DA:37,98
DA:38,98
DA:39,98
DA:41,98
DA:42,98
DA:43,98
DA:44,1
LF:35
LH:34
BRDA:9,0,0,98
BRDA:27,1,0,98
BRDA:35,2,0,0
BRF:3
BRH:2
end_of_record
TN:
SF:src/components/ui/separator.tsx
FN:6,Separator
FNF:1
FNH:1
FNDA:27,Separator
DA:2,1
DA:4,1
DA:6,27
DA:7,27
DA:8,27
DA:9,27
DA:10,27
DA:11,27
DA:12,27
DA:13,27
DA:14,27
DA:15,27
DA:16,27
DA:17,27
DA:18,27
DA:19,27
DA:20,27
DA:21,27
DA:22,27
DA:24,27
LF:20
LH:20
BRDA:6,0,0,27
BRF:1
BRH:1
end_of_record
TN:
SF:src/components/ui/sheet.tsx
FN:7,Sheet
FN:11,SheetTrigger
FN:17,SheetClose
FN:23,SheetPortal
FN:29,SheetOverlay
FN:45,SheetContent
FN:82,SheetHeader
FN:92,SheetFooter
FN:102,SheetTitle
FN:115,SheetDescription
FNF:10
FNH:9
FNDA:19,Sheet
FNDA:1,SheetTrigger
FNDA:0,SheetClose
FNDA:18,SheetPortal
FNDA:2,SheetOverlay
FNDA:18,SheetContent
FNDA:1,SheetHeader
FNDA:1,SheetFooter
FNDA:1,SheetTitle
FNDA:1,SheetDescription
DA:2,1
DA:3,1
DA:5,1
DA:7,19
DA:8,19
DA:9,19
DA:11,1
DA:12,1
DA:13,1
DA:14,1
DA:15,1
DA:17,0
DA:18,0
DA:19,0
DA:20,0
DA:21,0
DA:23,18
DA:24,18
DA:25,18
DA:26,18
DA:27,18
DA:29,2
DA:30,2
DA:31,2
DA:32,2
DA:33,2
DA:34,2
DA:35,2
DA:36,2
DA:37,2
DA:38,2
DA:39,2
DA:40,2
DA:41,2
DA:43,2
DA:45,18
DA:46,18
DA:47,18
DA:48,18
DA:49,18
DA:50,18
DA:52,18
DA:53,18
DA:54,18
DA:55,18
DA:56,18
DA:57,18
DA:58,18
DA:59,18
DA:60,18
DA:61,1
DA:62,18
DA:63,16
DA:64,18
DA:65,0
DA:66,18
DA:67,0
DA:68,18
DA:69,18
DA:70,18
DA:72,18
DA:73,18
DA:74,18
DA:75,18
DA:76,18
DA:77,18
DA:78,18
DA:80,18
DA:82,1
DA:83,1
DA:84,1
DA:85,1
DA:86,1
DA:87,1
DA:88,1
DA:90,1
DA:92,1
DA:93,1
DA:94,1
DA:95,1
DA:96,1
DA:97,1
DA:98,1
DA:100,1
DA:102,1
DA:103,1
DA:104,1
DA:105,1
DA:106,1
DA:107,1
DA:108,1
DA:109,1
DA:110,1
DA:111,1
DA:113,1
DA:115,1
DA:116,1
DA:117,1
DA:118,1
DA:119,1
DA:120,1
DA:121,1
DA:122,1
DA:123,1
DA:124,1
DA:126,1
LF:106
LH:99
BRDA:7,0,0,19
BRDA:11,1,0,1
BRDA:23,2,0,18
BRDA:29,3,0,2
BRDA:45,4,0,18
BRDA:60,5,0,1
BRDA:62,6,0,16
BRDA:64,7,0,0
BRDA:66,8,0,0
BRDA:82,9,0,1
BRDA:92,10,0,1
BRDA:102,11,0,1
BRDA:115,12,0,1
BRF:13
BRH:11
end_of_record
TN:
SF:src/components/ui/skeleton.tsx
FN:5,Skeleton
FNF:1
FNH:1
FNDA:10,Skeleton
DA:3,1
DA:5,10
DA:6,10
DA:7,10
DA:8,10
DA:9,10
DA:10,10
DA:11,10
DA:13,10
LF:9
LH:9
BRDA:5,0,0,10
BRF:1
BRH:1
end_of_record
TN:
SF:src/components/ui/slider.tsx
FNF:0
FNH:0
DA:1,1
DA:2,1
DA:4,1
DA:6,1
DA:9,1
DA:10,104
DA:11,104
DA:12,104
DA:13,104
DA:14,104
DA:15,104
DA:16,104
DA:18,104
DA:19,104
DA:20,104
DA:21,104
DA:22,104
DA:23,104
DA:24,1
LF:19
LH:19
BRDA:9,0,0,104
BRF:1
BRH:1
end_of_record
TN:
SF:src/components/ui/sonner.tsx
FN:3,Toaster
FNF:1
FNH:1
FNDA:3,Toaster
DA:1,1
DA:3,1
DA:4,3
DA:5,3
DA:6,3
DA:7,3
DA:8,3
DA:9,3
DA:10,3
DA:11,3
DA:12,3
DA:13,3
DA:15,3
DA:16,3
DA:18,3
LF:15
LH:15
BRDA:3,0,0,3
BRF:1
BRH:1
end_of_record
TN:
SF:src/components/ui/switch.tsx
FN:6,Switch
FNF:1
FNH:1
FNDA:48,Switch
DA:2,1
DA:4,1
DA:6,48
DA:7,48
DA:8,48
DA:9,48
DA:10,48
DA:11,48
DA:12,48
DA:13,48
DA:14,48
DA:15,48
DA:16,48
DA:17,48
DA:19,48
DA:20,48
DA:21,48
DA:22,48
DA:23,48
DA:24,48
DA:25,48
DA:27,48
LF:22
LH:22
BRDA:6,0,0,48
BRF:1
BRH:1
end_of_record
TN:
SF:src/components/ui/tabs.tsx
FNF:0
FNH:0
DA:1,1
DA:2,1
DA:4,1
DA:6,1
DA:8,1
DA:11,1
DA:12,3
DA:13,3
DA:14,3
DA:15,3
DA:16,3
DA:17,3
DA:18,3
DA:19,3
DA:20,3
DA:21,1
DA:23,1
DA:26,1
DA:27,6
DA:28,6
DA:29,6
DA:30,6
DA:31,6
DA:32,6
DA:33,6
DA:34,6
DA:35,6
DA:36,1
DA:38,1
DA:41,1
DA:42,6
DA:43,6
DA:44,6
DA:45,6
DA:46,6
DA:47,6
DA:48,6
DA:49,6
DA:50,6
DA:51,1
LF:40
LH:40
BRDA:11,0,0,3
BRDA:26,1,0,6
BRDA:41,2,0,6
BRF:3
BRH:3
end_of_record
TN:
SF:src/components/ui/textarea.tsx
FNF:0
FNH:0
DA:1,1
DA:3,1
DA:5,1
DA:8,1
DA:9,114
DA:10,114
DA:11,114
DA:12,114
DA:13,114
DA:14,114
DA:15,114
DA:16,114
DA:17,114
DA:19,114
DA:20,1
LF:15
LH:15
BRDA:8,0,0,114
BRF:1
BRH:1
end_of_record
TN:
SF:src/components/ui/tooltip.tsx
FN:6,TooltipProvider
FN:19,Tooltip
FN:29,TooltipTrigger
FN:35,TooltipContent
FNF:4
FNH:4
FNDA:166,TooltipProvider
FNDA:83,Tooltip
FNDA:83,TooltipTrigger
FNDA:81,TooltipContent
DA:2,1
DA:4,1
DA:6,166
DA:7,166
DA:8,166
DA:9,166
DA:10,166
DA:11,166
DA:12,166
DA:13,166
DA:14,166
DA:15,166
DA:17,166
DA:19,83
DA:20,83
DA:21,83
DA:22,83
DA:23,83
DA:24,83
DA:25,83
DA:27,83
DA:29,83
DA:30,83
DA:31,83
DA:32,83
DA:33,83
DA:35,81
DA:36,81
DA:37,81
DA:38,81
DA:39,81
DA:40,81
DA:41,81
DA:42,81
DA:43,81
DA:44,81
DA:45,81
DA:46,81
DA:47,81
DA:48,81
DA:49,81
DA:50,81
DA:52,81
DA:53,81
DA:54,81
DA:55,81
DA:57,81
LF:47
LH:47
BRDA:6,0,0,166
BRDA:19,1,0,83
BRDA:29,2,0,83
BRDA:35,3,0,81
BRF:4
BRH:4
end_of_record
TN:
SF:src/contexts/config-context.tsx
FN:17,ConfigProvider
FN:26,useConfig
FNF:2
FNH:2
FNDA:7,ConfigProvider
FNDA:4,useConfig
DA:1,1
DA:3,1
DA:4,1
DA:6,1
DA:7,1
DA:8,1
DA:9,1
DA:10,1
DA:11,1
DA:12,1
DA:13,1
DA:15,1
DA:17,1
DA:18,7
DA:19,7
DA:20,7
DA:21,7
DA:22,7
DA:24,7
DA:26,1
DA:27,4
DA:28,4
LF:22
LH:22
BRDA:17,0,0,7
BRDA:20,1,0,2
BRDA:20,2,0,1
BRDA:20,3,0,6
BRDA:26,4,0,4
BRF:5
BRH:5
end_of_record
TN:
SF:src/hooks/use-auth.ts
FN:8,useLogin
FN:11,mutationFn
FN:21,useMe
FN:25,queryFn
FN:40,useLogout
FNF:5
FNH:5
FNDA:4,useLogin
FNDA:2,mutationFn
FNDA:4,useMe
FNDA:2,queryFn
FNDA:1,useLogout
DA:1,1
DA:2,1
DA:3,1
DA:4,1
DA:5,1
DA:8,1
DA:9,4
DA:10,4
DA:11,4
DA:12,2
DA:13,1
DA:14,1
DA:15,1
DA:16,1
DA:17,2
DA:18,4
DA:19,4
DA:21,1
DA:22,4
DA:23,4
DA:24,4
DA:25,4
DA:26,2
DA:27,2
DA:28,1
DA:29,1
DA:30,1
DA:31,1
DA:32,1
DA:33,1
DA:34,2
DA:35,4
DA:36,4
DA:37,4
DA:38,4
DA:40,1
DA:41,1
DA:42,1
DA:43,1
DA:44,1
DA:45,1
DA:46,1
DA:47,1
LF:43
LH:43
BRDA:8,0,0,4
BRDA:11,1,0,2
BRDA:12,2,0,1
BRDA:21,3,0,4
BRDA:25,4,0,2
BRDA:27,5,0,1
BRDA:40,6,0,1
BRDA:43,7,0,1
BRF:8
BRH:8
end_of_record
TN:
SF:src/hooks/use-config.ts
FN:5,useFeatureFlags
FN:8,queryFn
FNF:2
FNH:2
FNDA:6,useFeatureFlags
FNDA:3,queryFn
DA:1,1
DA:2,1
DA:5,1
DA:6,6
DA:7,6
DA:8,6
DA:9,3
DA:10,1
DA:11,3
DA:12,6
DA:13,6
DA:14,6
DA:15,6
DA:16,6
LF:14
LH:14
BRDA:5,0,0,6
BRDA:8,1,0,3
BRDA:9,2,0,1
BRF:3
BRH:3
end_of_record
TN:
SF:src/hooks/use-hcp-profiles.ts
FN:11,useHcpProfiles
FN:18,queryFn
FN:22,useHcpProfile
FN:25,queryFn
FN:30,useCreateHcpProfile
FN:33,mutationFn
FN:34,onSuccess
FN:40,useUpdateHcpProfile
FN:43,mutationFn
FN:45,onSuccess
FN:51,useDeleteHcpProfile
FN:54,mutationFn
FN:55,onSuccess
FNF:13
FNH:13
FNDA:4,useHcpProfiles
FNDA:2,queryFn
FNDA:3,useHcpProfile
FNDA:1,queryFn
FNDA:2,useCreateHcpProfile
FNDA:1,mutationFn
FNDA:1,onSuccess
FNDA:2,useUpdateHcpProfile
FNDA:1,mutationFn
FNDA:1,onSuccess
FNDA:2,useDeleteHcpProfile
FNDA:1,mutationFn
FNDA:1,onSuccess
DA:1,1
DA:2,1
DA:11,1
DA:15,4
DA:16,4
DA:17,4
DA:18,4
DA:19,4
DA:20,4
DA:22,1
DA:23,3
DA:24,3
DA:25,3
DA:26,3
DA:27,3
DA:28,3
DA:30,1
DA:31,2
DA:32,2
DA:33,2
DA:34,2
DA:35,1
DA:36,1
DA:37,2
DA:38,2
DA:40,1
DA:41,2
DA:42,2
DA:43,2
DA:44,1
DA:45,2
DA:46,1
DA:47,1
DA:48,2
DA:49,2
DA:51,1
DA:52,2
DA:53,2
DA:54,2
DA:55,2
DA:56,1
DA:57,1
DA:58,2
DA:59,2
LF:44
LH:44
BRDA:11,0,0,4
BRDA:18,1,0,2
BRDA:22,2,0,3
BRDA:25,3,0,1
BRDA:30,4,0,2
BRDA:33,5,0,1
BRDA:34,6,0,1
BRDA:40,7,0,2
BRDA:43,8,0,1
BRDA:45,9,0,1
BRDA:51,10,0,2
BRDA:54,11,0,1
BRDA:55,12,0,1
BRF:13
BRH:13
end_of_record
TN:
SF:src/hooks/use-scenarios.ts
FN:13,useScenarios
FN:22,queryFn
FN:26,useActiveScenarios
FN:32,queryFn
FN:36,useScenario
FN:39,queryFn
FN:44,useCreateScenario
FN:47,mutationFn
FN:48,onSuccess
FN:54,useUpdateScenario
FN:57,mutationFn
FN:59,onSuccess
FN:65,useDeleteScenario
FN:68,mutationFn
FN:69,onSuccess
FN:75,useCloneScenario
FN:78,mutationFn
FN:79,onSuccess
FNF:18
FNH:18
FNDA:2,useScenarios
FNDA:1,queryFn
FNDA:2,useActiveScenarios
FNDA:1,queryFn
FNDA:3,useScenario
FNDA:1,queryFn
FNDA:2,useCreateScenario
FNDA:1,mutationFn
FNDA:1,onSuccess
FNDA:2,useUpdateScenario
FNDA:1,mutationFn
FNDA:1,onSuccess
FNDA:2,useDeleteScenario
FNDA:1,mutationFn
FNDA:1,onSuccess
FNDA:2,useCloneScenario
FNDA:1,mutationFn
FNDA:1,onSuccess
DA:1,1
DA:2,1
DA:13,1
DA:19,2
DA:20,2
DA:21,2
DA:22,2
DA:23,2
DA:24,2
DA:26,1
DA:29,2
DA:30,2
DA:31,2
DA:32,2
DA:33,2
DA:34,2
DA:36,1
DA:37,3
DA:38,3
DA:39,3
DA:40,3
DA:41,3
DA:42,3
DA:44,1
DA:45,2
DA:46,2
DA:47,2
DA:48,2
DA:49,1
DA:50,1
DA:51,2
DA:52,2
DA:54,1
DA:55,2
DA:56,2
DA:57,2
DA:58,1
DA:59,2
DA:60,1
DA:61,1
DA:62,2
DA:63,2
DA:65,1
DA:66,2
DA:67,2
DA:68,2
DA:69,2
DA:70,1
DA:71,1
DA:72,2
DA:73,2
DA:75,1
DA:76,2
DA:77,2
DA:78,2
DA:79,2
DA:80,1
DA:81,1
DA:82,2
DA:83,2
LF:60
LH:60
BRDA:13,0,0,2
BRDA:22,1,0,1
BRDA:26,2,0,2
BRDA:32,3,0,1
BRDA:36,4,0,3
BRDA:39,5,0,1
BRDA:44,6,0,2
BRDA:47,7,0,1
BRDA:48,8,0,1
BRDA:54,9,0,2
BRDA:57,10,0,1
BRDA:59,11,0,1
BRDA:65,12,0,2
BRDA:68,13,0,1
BRDA:69,14,0,1
BRDA:75,15,0,2
BRDA:78,16,0,1
BRDA:79,17,0,1
BRF:18
BRH:18
end_of_record
TN:
SF:src/hooks/use-scoring.ts
FN:4,useSessionScore
FN:7,queryFn
FN:12,useTriggerScoring
FN:15,mutationFn
FN:16,onSuccess
FNF:5
FNH:5
FNDA:5,useSessionScore
FNDA:2,queryFn
FNDA:4,useTriggerScoring
FNDA:2,mutationFn
FNDA:1,onSuccess
DA:1,1
DA:2,1
DA:4,1
DA:5,5
DA:6,5
DA:7,5
DA:8,5
DA:9,5
DA:10,5
DA:12,1
DA:13,4
DA:14,4
DA:15,4
DA:16,4
DA:17,1
DA:18,1
DA:19,1
DA:20,4
DA:21,4
LF:19
LH:19
BRDA:4,0,0,5
BRDA:7,1,0,2
BRDA:12,2,0,4
BRDA:15,3,0,2
BRDA:16,4,0,1
BRF:5
BRH:5
end_of_record
TN:
SF:src/hooks/use-session.ts
FN:10,useUserSessions
FN:16,queryFn
FN:20,useSession
FN:23,queryFn
FN:28,useSessionMessages
FN:31,queryFn
FN:36,useCreateSession
FN:39,mutationFn
FN:40,onSuccess
FN:46,useEndSession
FN:49,mutationFn
FN:50,onSuccess
FNF:12
FNH:12
FNDA:2,useUserSessions
FNDA:1,queryFn
FNDA:3,useSession
FNDA:1,queryFn
FNDA:3,useSessionMessages
FNDA:1,queryFn
FNDA:2,useCreateSession
FNDA:1,mutationFn
FNDA:1,onSuccess
FNDA:2,useEndSession
FNDA:1,mutationFn
FNDA:1,onSuccess
DA:1,1
DA:2,1
DA:10,1
DA:13,2
DA:14,2
DA:15,2
DA:16,2
DA:17,2
DA:18,2
DA:20,1
DA:21,3
DA:22,3
DA:23,3
DA:24,3
DA:25,3
DA:26,3
DA:28,1
DA:29,3
DA:30,3
DA:31,3
DA:32,3
DA:33,3
DA:34,3
DA:36,1
DA:37,2
DA:38,2
DA:39,2
DA:40,2
DA:41,1
DA:42,1
DA:43,2
DA:44,2
DA:46,1
DA:47,2
DA:48,2
DA:49,2
DA:50,2
DA:51,1
DA:52,1
DA:53,2
DA:54,2
LF:41
LH:41
BRDA:10,0,0,2
BRDA:16,1,0,1
BRDA:20,2,0,3
BRDA:23,3,0,1
BRDA:28,4,0,3
BRDA:31,5,0,1
BRDA:36,6,0,2
BRDA:39,7,0,1
BRDA:40,8,0,1
BRDA:46,9,0,2
BRDA:49,10,0,1
BRDA:50,11,0,1
BRF:12
BRH:12
end_of_record
TN:
SF:src/hooks/use-sse.ts
FN:20,useSSEStream
FNF:1
FNH:1
FNDA:12,useSSEStream
DA:1,1
DA:20,1
DA:21,12
DA:22,12
DA:23,12
DA:24,12
DA:26,12
DA:27,1
DA:28,1
DA:29,12
DA:31,12
DA:32,12
DA:33,5
DA:34,5
DA:35,5
DA:37,5
DA:38,5
DA:40,5
DA:41,5
DA:42,5
DA:43,5
DA:44,5
DA:45,5
DA:46,5
DA:47,5
DA:48,5
DA:49,5
DA:50,5
DA:51,5
DA:52,5
DA:54,5
DA:55,1
DA:56,1
DA:58,4
DA:59,4
DA:60,4
DA:62,5
DA:63,12
DA:64,12
DA:66,8
DA:67,8
DA:68,12
DA:70,12
DA:71,12
DA:72,24
DA:73,8
DA:74,24
DA:75,8
DA:76,8
DA:77,8
DA:78,2
DA:79,2
DA:80,2
DA:81,8
DA:82,1
DA:83,1
DA:84,8
DA:85,1
DA:86,1
DA:87,1
DA:88,1
DA:89,8
DA:90,4
DA:91,4
DA:92,8
DA:93,0
DA:94,0
DA:95,0
DA:96,8
DA:97,8
DA:98,24
DA:99,8
DA:100,5
DA:101,1
DA:102,1
DA:103,1
DA:104,1
DA:105,1
DA:106,5
DA:107,5
DA:108,5
DA:109,5
DA:110,12
DA:111,12
DA:113,12
DA:114,12
LF:86
LH:83
BRDA:20,0,0,12
BRDA:26,1,0,1
BRDA:27,2,0,0
BRDA:32,3,0,5
BRDA:54,4,0,4
BRDA:54,5,0,1
BRDA:56,6,0,4
BRDA:62,7,0,12
BRDA:64,8,0,4
BRDA:64,9,0,8
BRDA:68,10,0,0
BRDA:71,11,0,24
BRDA:72,12,0,8
BRDA:74,13,0,16
BRDA:74,14,0,8
BRDA:77,15,0,2
BRDA:81,16,0,1
BRDA:84,17,0,1
BRDA:89,18,0,4
BRDA:92,19,0,0
BRDA:98,20,0,8
BRDA:100,21,0,1
BRDA:101,22,0,0
BRDA:101,23,0,0
BRDA:103,24,0,0
BRDA:78,25,0,2
BRF:26
BRH:20
end_of_record
TN:
SF:src/i18n/index.ts
FNF:0
FNH:0
DA:1,1
DA:2,1
DA:3,1
DA:4,1
DA:6,1
DA:7,1
DA:8,1
DA:9,1
DA:10,1
DA:11,1
DA:12,1
DA:13,1
DA:14,1
DA:15,1
DA:16,1
DA:17,1
DA:18,1
DA:19,1
DA:20,1
DA:21,1
DA:22,1
DA:23,1
DA:24,1
DA:25,1
DA:26,1
DA:27,1
DA:28,1
DA:29,1
DA:31,1
LF:29
LH:29
BRF:0
BRH:0
end_of_record
TN:
SF:src/lib/config.ts
FNF:0
FNH:0
DA:1,1
DA:2,1
DA:3,1
DA:4,1
LF:4
LH:4
BRF:0
BRH:0
end_of_record
TN:
SF:src/lib/utils.ts
FN:4,cn
FNF:1
FNH:1
FNDA:5184,cn
DA:1,1
DA:2,1
DA:4,1
DA:5,5184
DA:6,5184
LF:5
LH:5
BRDA:4,0,0,5184
BRF:1
BRH:1
end_of_record
TN:
SF:src/pages/login.tsx
FN:17,LoginPage
FN:27,handleSubmit
FN:32,onSuccess
FN:62,onChange
FN:76,onChange
FN:87,onClick
FN:104,onCheckedChange
FNF:7
FNH:5
FNDA:43,LoginPage
FNDA:1,handleSubmit
FNDA:0,onSuccess
FNDA:13,onChange
FNDA:19,onChange
FNDA:1,onClick
FNDA:0,onCheckedChange
DA:1,1
DA:2,1
DA:3,1
DA:4,1
DA:5,1
DA:15,1
DA:17,43
DA:18,43
DA:19,43
DA:20,43
DA:22,43
DA:23,43
DA:24,43
DA:25,43
DA:27,43
DA:28,1
DA:29,1
DA:30,1
DA:31,1
DA:32,1
DA:33,0
DA:34,0
DA:35,0
DA:36,0
DA:37,0
DA:38,0
DA:39,1
DA:40,1
DA:41,1
DA:43,43
DA:44,43
DA:45,43
DA:46,43
DA:47,43
DA:48,43
DA:49,43
DA:50,43
DA:51,43
DA:52,43
DA:53,43
DA:54,43
DA:55,43
DA:56,43
DA:57,43
DA:58,43
DA:59,43
DA:60,43
DA:61,43
DA:62,43
DA:63,43
DA:64,43
DA:65,43
DA:66,43
DA:67,43
DA:69,43
DA:70,43
DA:71,43
DA:72,43
DA:73,43
DA:74,43
DA:75,43
DA:76,43
DA:77,43
DA:78,43
DA:79,43
DA:80,43
DA:81,43
DA:82,43
DA:83,43
DA:84,43
DA:85,43
DA:86,43
DA:87,43
DA:88,43
DA:89,43
DA:91,43
DA:92,1
DA:94,42
DA:96,43
DA:97,43
DA:98,43
DA:100,43
DA:101,43
DA:102,43
DA:103,43
DA:104,43
DA:105,43
DA:106,43
DA:107,43
DA:108,43
DA:109,43
DA:111,43
DA:112,0
DA:115,43
DA:116,43
DA:117,43
DA:118,43
DA:120,43
DA:121,0
DA:122,0
DA:123,0
DA:124,0
DA:126,43
DA:128,43
DA:129,43
DA:130,43
DA:131,43
DA:133,43
LF:108
LH:97
BRDA:17,0,0,43
BRDA:74,1,0,1
BRDA:74,2,0,42
BRDA:89,3,0,1
BRDA:89,4,0,42
BRDA:91,5,0,1
BRDA:92,6,0,42
BRDA:111,7,0,0
BRDA:120,8,0,0
BRDA:27,9,0,1
BRDA:62,10,0,13
BRDA:76,11,0,19
BRDA:87,12,0,1
BRF:13
BRH:11
end_of_record
TN:
SF:src/pages/not-found.tsx
FN:5,NotFound
FNF:1
FNH:1
FNDA:4,NotFound
DA:1,1
DA:2,1
DA:3,1
DA:5,4
DA:6,4
DA:8,4
DA:9,4
DA:10,4
DA:11,4
DA:12,4
DA:13,4
DA:14,4
DA:15,4
DA:16,4
DA:17,4
DA:19,4
LF:16
LH:16
BRDA:5,0,0,4
BRF:1
BRH:1
end_of_record
TN:
SF:src/pages/admin/azure-config.tsx
FN:63,AzureConfigPage
FN:76,handleSave
FN:80,handleTestConnection
FN:100,onSave
FNF:4
FNH:1
FNDA:3,AzureConfigPage
FNDA:0,handleSave
FNDA:0,handleTestConnection
FNDA:0,onSave
DA:1,1
DA:2,1
DA:3,1
DA:10,1
DA:25,1
DA:26,1
DA:27,1
DA:28,1
DA:29,1
DA:30,1
DA:31,1
DA:32,1
DA:33,1
DA:34,1
DA:35,1
DA:36,1
DA:37,1
DA:38,1
DA:39,1
DA:40,1
DA:41,1
DA:42,1
DA:43,1
DA:44,1
DA:45,1
DA:46,1
DA:47,1
DA:48,1
DA:49,1
DA:50,1
DA:51,1
DA:52,1
DA:53,1
DA:54,1
DA:55,1
DA:56,1
DA:57,1
DA:58,1
DA:59,1
DA:60,1
DA:61,1
DA:63,3
DA:64,3
DA:66,3
DA:67,3
DA:68,3
DA:69,3
DA:70,15
DA:71,15
DA:72,3
DA:73,3
DA:74,3
DA:76,3
DA:77,0
DA:78,0
DA:80,3
DA:82,0
DA:83,0
DA:84,0
DA:86,3
DA:87,3
DA:88,3
DA:89,3
DA:90,3
DA:91,15
DA:92,15
DA:93,15
DA:94,15
DA:95,15
DA:96,15
DA:97,15
DA:98,15
DA:99,15
DA:100,15
DA:101,15
DA:102,15
DA:103,3
DA:104,3
DA:105,3
DA:107,3
LF:80
LH:75
BRDA:63,0,0,3
BRDA:67,1,0,3
BRDA:69,2,0,15
BRDA:90,3,0,15
BRDA:99,4,0,0
BRF:5
BRH:4
end_of_record
TN:
SF:src/pages/admin/dashboard.tsx
FN:5,AdminDashboard
FNF:1
FNH:1
FNDA:3,AdminDashboard
DA:1,1
DA:2,1
DA:3,1
DA:5,3
DA:6,3
DA:8,3
DA:9,3
DA:10,3
DA:11,3
DA:12,3
DA:13,3
DA:14,3
DA:15,3
DA:16,3
DA:17,3
DA:18,3
DA:19,3
DA:21,3
LF:18
LH:18
BRDA:5,0,0,3
BRF:1
BRH:1
end_of_record
TN:
SF:src/pages/admin/hcp-profiles.tsx
FN:15,HcpProfilesPage
FN:34,handleSelect
FN:39,handleCreateNew
FN:44,handleSave
FN:47,onSuccess
FN:51,onError
FN:59,onSuccess
FN:62,onError
FN:70,handleDiscard
FN:76,handleTestChat
FNF:10
FNH:6
FNDA:14,HcpProfilesPage
FNDA:2,handleSelect
FNDA:3,handleCreateNew
FNDA:1,handleSave
FNDA:0,onSuccess
FNDA:0,onError
FNDA:0,onSuccess
FNDA:0,onError
FNDA:1,handleDiscard
FNDA:1,handleTestChat
DA:1,1
DA:2,1
DA:3,1
DA:4,1
DA:5,1
DA:6,1
DA:7,1
DA:15,14
DA:16,14
DA:17,14
DA:18,14
DA:19,14
DA:20,14
DA:22,14
DA:23,14
DA:24,14
DA:25,14
DA:26,14
DA:27,14
DA:29,14
DA:30,14
DA:31,14
DA:32,14
DA:34,14
DA:35,2
DA:36,2
DA:37,2
DA:39,14
DA:40,3
DA:41,3
DA:42,3
DA:44,14
DA:45,1
DA:46,1
DA:47,1
DA:48,0
DA:49,0
DA:50,0
DA:51,1
DA:52,0
DA:53,0
DA:54,1
DA:55,1
DA:56,0
DA:57,0
DA:58,0
DA:59,0
DA:60,0
DA:61,0
DA:62,0
DA:63,0
DA:64,0
DA:65,0
DA:66,0
DA:67,0
DA:68,1
DA:70,14
DA:71,1
DA:72,1
DA:73,1
DA:74,1
DA:76,14
DA:77,1
DA:78,1
DA:80,14
DA:82,14
DA:83,14
DA:84,14
DA:85,14
DA:86,14
DA:87,14
DA:88,14
DA:89,14
DA:90,14
DA:91,14
DA:92,14
DA:93,6
DA:94,6
DA:95,6
DA:96,6
DA:97,6
DA:98,6
DA:99,6
DA:101,8
DA:102,8
DA:103,8
DA:106,14
DA:107,6
DA:108,6
DA:109,6
DA:110,6
DA:111,6
DA:112,6
DA:113,6
DA:115,14
DA:117,14
LF:96
LH:79
BRDA:15,0,0,14
BRDA:24,1,0,3
BRDA:24,2,0,11
BRDA:80,3,0,3
BRDA:80,4,0,11
BRDA:80,5,0,8
BRDA:92,6,0,11
BRDA:92,7,0,6
BRDA:94,8,0,3
BRDA:99,9,0,8
BRDA:106,10,0,11
BRDA:106,11,0,6
BRDA:108,12,0,3
BRDA:109,13,0,3
BRDA:109,14,0,3
BRDA:110,15,0,3
BRDA:30,16,0,14
BRDA:30,17,0,0
BRDA:34,18,0,2
BRDA:39,19,0,3
BRDA:44,20,0,1
BRDA:55,21,0,0
BRDA:70,22,0,1
BRDA:76,23,0,1
BRF:24
BRH:22
end_of_record
TN:
SF:src/pages/admin/scenarios.tsx
FN:34,ScenariosPage
FN:54,handleCreate
FN:60,handleEdit
FN:66,handleSave
FN:69,onSuccess
FN:73,onError
FN:79,onSuccess
FN:83,onError
FN:89,handleDelete
FN:93,confirmDelete
FN:96,onSuccess
FN:104,handleClone
FN:106,onSuccess
FN:149,onOpenChange
FN:159,onClick
FNF:15
FNH:7
FNDA:16,ScenariosPage
FNDA:2,handleCreate
FNDA:1,handleEdit
FNDA:1,handleSave
FNDA:0,onSuccess
FNDA:0,onError
FNDA:0,onSuccess
FNDA:0,onError
FNDA:2,handleDelete
FNDA:1,confirmDelete
FNDA:0,onSuccess
FNDA:1,handleClone
FNDA:0,onSuccess
FNDA:0,onOpenChange
FNDA:0,onClick
DA:1,1
DA:2,1
DA:3,1
DA:4,1
DA:5,1
DA:6,1
DA:13,1
DA:21,1
DA:22,1
DA:23,1
DA:32,1
DA:34,16
DA:35,16
DA:36,16
DA:37,16
DA:38,16
DA:39,16
DA:40,16
DA:42,16
DA:43,16
DA:44,16
DA:45,16
DA:46,16
DA:47,16
DA:49,16
DA:50,16
DA:51,16
DA:52,16
DA:54,16
DA:55,2
DA:56,2
DA:57,2
DA:58,2
DA:60,16
DA:61,1
DA:62,1
DA:63,1
DA:64,1
DA:66,16
DA:67,1
DA:68,1
DA:69,1
DA:70,0
DA:71,0
DA:72,0
DA:73,1
DA:74,1
DA:75,1
DA:76,0
DA:77,0
DA:78,0
DA:79,0
DA:80,0
DA:81,0
DA:82,0
DA:83,0
DA:84,0
DA:85,0
DA:86,0
DA:87,1
DA:89,16
DA:90,2
DA:91,2
DA:93,16
DA:94,1
DA:95,1
DA:96,1
DA:97,0
DA:98,0
DA:99,0
DA:100,1
DA:101,1
DA:102,1
DA:104,16
DA:105,1
DA:106,1
DA:107,1
DA:108,1
DA:110,16
DA:111,16
DA:112,16
DA:113,16
DA:114,16
DA:115,16
DA:116,16
DA:117,16
DA:118,16
DA:119,16
DA:120,16
DA:121,16
DA:122,16
DA:123,16
DA:124,16
DA:125,16
DA:126,16
DA:127,16
DA:128,16
DA:129,16
DA:130,16
DA:132,16
DA:133,16
DA:134,16
DA:135,16
DA:136,16
DA:137,16
DA:139,16
DA:140,16
DA:141,16
DA:142,16
DA:143,16
DA:144,16
DA:145,16
DA:147,16
DA:148,16
DA:149,16
DA:151,16
DA:152,16
DA:153,16
DA:154,16
DA:155,16
DA:156,16
DA:157,16
DA:158,16
DA:159,16
DA:161,16
DA:162,16
DA:164,16
DA:165,16
DA:166,16
DA:167,16
DA:168,16
DA:170,16
LF:132
LH:115
BRDA:34,0,0,16
BRDA:42,1,0,15
BRDA:42,2,0,0
BRDA:50,3,0,15
BRDA:50,4,0,0
BRDA:54,5,0,2
BRDA:60,6,0,1
BRDA:66,7,0,1
BRDA:75,8,0,0
BRDA:89,9,0,2
BRDA:93,10,0,1
BRDA:104,11,0,1
BRF:12
BRH:9
end_of_record
TN:
SF:src/pages/user/dashboard.tsx
FN:97,getChartForStat
FN:107,UserDashboard
FN:146,onClick
FN:172,onStart
FN:180,onStart
FN:193,onStart
FNF:6
FNH:4
FNDA:32,getChartForStat
FNDA:8,UserDashboard
FNDA:1,onClick
FNDA:1,onStart
FNDA:0,onStart
FNDA:0,onStart
DA:1,1
DA:2,1
DA:3,1
DA:11,1
DA:12,1
DA:20,1
DA:23,1
DA:24,1
DA:25,1
DA:26,1
DA:27,1
DA:28,1
DA:29,1
DA:30,1
DA:31,1
DA:32,1
DA:33,1
DA:34,1
DA:35,1
DA:36,1
DA:37,1
DA:38,1
DA:39,1
DA:40,1
DA:41,1
DA:42,1
DA:43,1
DA:44,1
DA:45,1
DA:46,1
DA:49,1
DA:50,1
DA:51,1
DA:52,1
DA:53,1
DA:54,1
DA:55,1
DA:56,1
DA:57,1
DA:58,1
DA:59,1
DA:60,1
DA:61,1
DA:62,1
DA:63,1
DA:64,1
DA:65,1
DA:66,1
DA:67,1
DA:68,1
DA:69,1
DA:70,1
DA:71,1
DA:72,1
DA:73,1
DA:74,1
DA:75,1
DA:76,1
DA:77,1
DA:78,1
DA:79,1
DA:80,1
DA:81,1
DA:82,1
DA:83,1
DA:84,1
DA:85,1
DA:86,1
DA:87,1
DA:88,1
DA:89,1
DA:90,1
DA:91,1
DA:92,1
DA:93,1
DA:94,1
DA:95,1
DA:97,32
DA:98,32
DA:99,16
DA:100,16
DA:101,32
DA:102,8
DA:103,8
DA:104,8
DA:105,8
DA:107,8
DA:108,8
DA:109,8
DA:110,8
DA:111,8
DA:113,8
DA:115,8
DA:116,8
DA:118,8
DA:119,8
DA:120,8
DA:121,8
DA:122,8
DA:123,8
DA:126,8
DA:127,8
DA:128,32
DA:129,32
DA:130,32
DA:131,32
DA:132,32
DA:133,32
DA:134,32
DA:135,32
DA:136,32
DA:137,8
DA:138,8
DA:141,8
DA:143,8
DA:144,8
DA:145,8
DA:146,8
DA:147,8
DA:148,8
DA:149,8
DA:150,8
DA:151,8
DA:152,40
DA:153,40
DA:154,40
DA:155,40
DA:156,40
DA:157,40
DA:158,40
DA:159,40
DA:160,40
DA:161,8
DA:162,8
DA:163,8
DA:166,8
DA:167,8
DA:168,8
DA:169,8
DA:170,8
DA:171,8
DA:172,8
DA:173,8
DA:175,8
DA:176,8
DA:177,8
DA:178,8
DA:179,8
DA:180,8
DA:181,8
DA:183,8
DA:184,8
DA:185,8
DA:186,8
DA:187,8
DA:188,8
DA:189,8
DA:190,8
DA:191,8
DA:192,8
DA:193,8
DA:194,8
DA:195,8
DA:196,8
DA:197,8
DA:198,8
DA:199,8
DA:201,8
LF:168
LH:168
BRDA:97,0,0,32
BRDA:98,1,0,24
BRDA:98,2,0,16
BRDA:101,3,0,8
BRDA:107,4,0,8
BRDA:113,5,0,0
BRDA:113,6,0,0
BRDA:127,7,0,32
BRDA:146,8,0,1
BRDA:151,9,0,40
BRDA:172,10,0,1
BRF:11
BRH:9
end_of_record
TN:
SF:src/pages/user/scoring-feedback.tsx
FN:13,ScoringFeedback
FN:85,onClick
FN:95,onClick
FNF:3
FNH:3
FNDA:10,ScoringFeedback
FNDA:1,onClick
FNDA:1,onClick
DA:1,1
DA:2,1
DA:3,1
DA:4,1
DA:5,1
DA:6,1
DA:7,1
DA:8,1
DA:9,1
DA:10,1
DA:11,1
DA:13,10
DA:14,10
DA:15,10
DA:16,10
DA:17,10
DA:19,10
DA:20,10
DA:21,10
DA:22,10
DA:23,10
DA:26,10
DA:27,10
DA:28,0
DA:29,0
DA:30,10
DA:33,10
DA:34,3
DA:35,3
DA:36,3
DA:37,3
DA:38,3
DA:39,3
DA:40,3
DA:42,3
DA:44,7
DA:45,14
DA:46,14
DA:47,7
DA:49,7
DA:50,7
DA:51,7
DA:52,7
DA:53,7
DA:56,7
DA:57,7
DA:58,7
DA:59,7
DA:60,7
DA:61,7
DA:64,7
DA:66,7
DA:67,7
DA:68,7
DA:69,7
DA:72,7
DA:73,7
DA:74,7
DA:75,14
DA:76,7
DA:77,7
DA:78,7
DA:79,7
DA:82,7
DA:83,7
DA:84,7
DA:85,7
DA:87,7
DA:88,7
DA:89,7
DA:90,7
DA:91,7
DA:92,7
DA:93,7
DA:94,7
DA:95,7
DA:96,7
DA:97,7
DA:98,7
DA:99,7
DA:101,7
LF:81
LH:79
BRDA:13,0,0,10
BRDA:17,1,0,1
BRDA:19,2,0,1
BRDA:21,3,0,1
BRDA:30,4,0,9
BRDA:33,5,0,8
BRDA:33,6,0,8
BRDA:33,7,0,3
BRDA:42,8,0,7
BRDA:26,9,0,10
BRDA:27,10,0,9
BRDA:27,11,0,0
BRDA:27,12,0,0
BRDA:27,13,0,0
BRDA:44,14,0,14
BRDA:74,15,0,14
BRDA:85,16,0,1
BRDA:95,17,0,1
BRF:18
BRH:15
end_of_record
TN:
SF:src/pages/user/training-session.tsx
FN:22,TrainingSession
FN:67,onText
FN:70,onHint
FN:73,onKeyMessages
FN:76,onDone
FN:80,onError
FN:182,onToggle
FN:204,onToggle
FN:217,onClick
FNF:9
FNH:1
FNDA:1,TrainingSession
FNDA:0,onText
FNDA:0,onHint
FNDA:0,onKeyMessages
FNDA:0,onDone
FNDA:0,onError
FNDA:0,onToggle
FNDA:0,onToggle
FNDA:0,onClick
DA:1,1
DA:2,1
DA:3,1
DA:4,1
DA:12,1
DA:13,1
DA:14,1
DA:15,1
DA:16,1
DA:17,1
DA:18,1
DA:22,1
DA:23,1
DA:24,1
DA:25,1
DA:26,1
DA:29,1
DA:30,1
DA:31,1
DA:32,1
DA:33,1
DA:34,1
DA:37,1
DA:38,1
DA:39,1
DA:40,1
DA:41,1
DA:42,1
DA:45,1
DA:46,1
DA:47,0
DA:48,0
DA:49,1
DA:52,1
DA:53,1
DA:54,0
DA:55,0
DA:56,0
DA:57,0
DA:58,0
DA:59,0
DA:60,0
DA:61,0
DA:62,1
DA:65,1
DA:66,1
DA:67,1
DA:69,0
DA:70,1
DA:71,0
DA:72,0
DA:73,1
DA:74,0
DA:75,0
DA:76,1
DA:78,0
DA:79,0
DA:80,1
DA:81,0
DA:82,0
DA:83,1
DA:84,1
DA:85,1
DA:87,1
DA:90,1
DA:91,1
DA:93,0
DA:94,0
DA:95,0
DA:96,0
DA:97,0
DA:98,0
DA:99,0
DA:100,0
DA:101,0
DA:104,0
DA:105,0
DA:106,1
DA:107,1
DA:110,1
DA:111,0
DA:112,1
DA:114,1
DA:115,0
DA:116,0
DA:117,0
DA:118,0
DA:119,0
DA:121,0
DA:122,1
DA:125,1
DA:126,1
DA:127,1
DA:128,1
DA:129,1
DA:130,1
DA:131,1
DA:132,0
DA:133,1
DA:134,1
DA:135,1
DA:136,1
DA:137,1
DA:138,1
DA:139,1
DA:140,1
DA:143,1
DA:144,1
DA:145,1
DA:146,1
DA:147,1
DA:148,1
DA:149,1
DA:150,1
DA:151,1
DA:152,1
DA:153,1
DA:154,1
DA:155,1
DA:156,1
DA:157,1
DA:158,1
DA:159,1
DA:160,1
DA:161,1
DA:162,1
DA:163,1
DA:164,1
DA:166,1
DA:167,1
DA:168,1
DA:169,1
DA:170,1
DA:171,1
DA:172,1
DA:173,1
DA:175,1
DA:176,1
DA:178,1
DA:179,1
DA:180,1
DA:181,1
DA:182,1
DA:183,1
DA:186,1
DA:187,1
DA:188,1
DA:189,1
DA:190,1
DA:191,1
DA:192,1
DA:193,1
DA:194,1
DA:195,1
DA:196,1
DA:199,1
DA:200,1
DA:201,1
DA:202,1
DA:203,1
DA:204,1
DA:205,1
DA:208,1
DA:209,1
DA:210,1
DA:211,1
DA:212,1
DA:213,1
DA:214,1
DA:215,1
DA:216,1
DA:217,1
DA:219,1
DA:220,1
DA:221,1
DA:222,1
DA:223,1
DA:224,1
DA:225,1
DA:226,1
DA:228,1
LF:181
LH:143
BRDA:22,0,0,1
BRDA:33,1,0,0
BRDA:140,2,0,0
BRDA:168,3,0,0
BRDA:193,4,0,0
BRDA:194,5,0,0
BRDA:45,6,0,1
BRDA:46,7,0,0
BRDA:52,8,0,1
BRDA:53,9,0,0
BRDA:53,10,0,0
BRDA:66,11,0,1
BRDA:125,12,0,1
BRDA:131,13,0,0
BRDA:131,14,0,0
BRF:15
BRH:5
end_of_record
TN:
SF:src/pages/user/training.tsx
FN:25,ScenarioSelection
FN:62,handleStartTraining
FN:112,onChange
FN:118,renderGrid
FNF:4
FNH:2
FNDA:3,ScenarioSelection
FNDA:0,handleStartTraining
FNDA:0,onChange
FNDA:6,renderGrid
DA:1,1
DA:2,1
DA:3,1
DA:4,1
DA:5,1
DA:18,1
DA:19,1
DA:20,1
DA:21,1
DA:23,1
DA:25,3
DA:26,3
DA:27,3
DA:29,3
DA:30,3
DA:31,3
DA:33,3
DA:34,3
DA:36,3
DA:38,3
DA:39,3
DA:40,3
DA:41,3
DA:42,3
DA:43,3
DA:44,3
DA:45,3
DA:47,3
DA:48,3
DA:49,0
DA:50,0
DA:51,0
DA:52,0
DA:53,0
DA:54,0
DA:55,0
DA:56,0
DA:57,0
DA:58,0
DA:59,3
DA:60,3
DA:62,3
DA:63,0
DA:64,0
DA:65,0
DA:66,0
DA:68,0
DA:69,0
DA:71,3
DA:72,3
DA:73,3
DA:74,3
DA:75,3
DA:76,3
DA:77,3
DA:78,3
DA:79,3
DA:80,0
DA:81,0
DA:82,0
DA:83,3
DA:84,3
DA:85,3
DA:87,3
DA:88,3
DA:89,3
DA:91,3
DA:92,3
DA:93,3
DA:94,3
DA:95,3
DA:96,3
DA:97,3
DA:98,3
DA:99,0
DA:100,0
DA:101,0
DA:102,3
DA:103,3
DA:104,3
DA:106,3
DA:107,3
DA:108,3
DA:109,3
DA:110,3
DA:111,3
DA:112,3
DA:113,3
DA:114,3
DA:115,3
DA:118,3
DA:119,6
DA:120,0
DA:121,0
DA:122,0
DA:123,0
DA:124,0
DA:125,0
DA:126,0
DA:127,0
DA:128,0
DA:129,0
DA:130,0
DA:131,0
DA:132,0
DA:134,0
DA:136,6
DA:137,6
DA:138,6
DA:139,6
DA:140,6
DA:141,6
DA:143,6
DA:145,0
DA:146,0
DA:147,0
DA:148,0
DA:149,0
DA:150,0
DA:151,0
DA:152,0
DA:153,0
DA:154,0
DA:156,6
DA:158,3
DA:159,3
DA:160,3
DA:161,3
DA:162,3
DA:164,3
DA:165,3
DA:166,3
DA:167,3
DA:168,3
DA:169,3
DA:170,3
DA:171,3
DA:172,3
DA:174,3
DA:175,3
DA:176,3
DA:177,3
DA:179,3
DA:180,3
DA:181,3
DA:182,3
DA:183,3
DA:184,3
DA:186,3
LF:149
LH:103
BRDA:25,0,0,3
BRDA:36,1,0,0
BRDA:39,2,0,3
BRDA:43,3,0,3
BRDA:47,4,0,3
BRDA:118,5,0,6
BRDA:119,6,0,0
BRDA:143,7,0,0
BRF:8
BRH:5
end_of_record
TN:
SF:src/router/auth-guard.tsx
FN:5,ProtectedRoute
FN:19,AdminRoute
FN:25,GuestRoute
FNF:3
FNH:3
FNDA:3,ProtectedRoute
FNDA:2,AdminRoute
FNDA:6,GuestRoute
DA:1,1
DA:2,1
DA:3,1
DA:5,1
DA:6,3
DA:7,3
DA:9,3
DA:10,2
DA:11,2
DA:12,1
DA:14,1
DA:16,1
DA:17,1
DA:19,1
DA:20,2
DA:21,2
DA:22,1
DA:23,1
DA:25,1
DA:26,6
DA:27,6
DA:28,2
DA:29,2
DA:30,2
DA:31,2
DA:32,4
DA:33,4
LF:27
LH:27
BRDA:5,0,0,3
BRDA:9,1,0,1
BRDA:9,2,0,2
BRDA:11,3,0,1
BRDA:19,4,0,2
BRDA:21,5,0,1
BRDA:25,6,0,6
BRDA:27,7,0,2
BRDA:29,8,0,1
BRDA:29,9,0,1
BRDA:31,10,0,4
BRF:11
BRH:11
end_of_record
TN:
SF:src/router/index.tsx
FNF:0
FNH:0
DA:1,1
DA:2,1
DA:3,1
DA:4,1
DA:5,1
DA:6,1
DA:7,1
DA:8,1
DA:9,1
DA:10,1
DA:11,1
DA:12,1
DA:13,1
DA:14,1
DA:15,1
DA:17,1
DA:18,1
DA:19,1
DA:20,1
DA:21,1
DA:22,1
DA:23,1
DA:24,1
DA:25,1
DA:26,1
DA:27,1
DA:28,1
DA:29,1
DA:30,1
DA:31,1
DA:32,1
DA:33,1
DA:34,1
DA:35,1
DA:36,1
DA:37,1
DA:38,1
DA:39,1
DA:40,1
DA:41,1
DA:42,1
DA:43,1
DA:44,1
DA:45,1
DA:46,1
DA:47,1
DA:48,1
DA:49,1
DA:50,1
DA:51,1
DA:52,1
DA:53,1
DA:54,1
DA:55,1
DA:56,1
DA:57,1
DA:58,1
DA:59,1
DA:60,1
DA:61,1
DA:62,1
LF:61
LH:61
BRF:0
BRH:0
end_of_record
TN:
SF:src/stores/auth-store.ts
FN:16,subscribe
FN:23,getSnapshot
FN:27,emitChange
FN:33,setAuth
FN:39,clearAuth
FN:45,useAuthStore
FNF:6
FNH:6
FNDA:6,subscribe
FNDA:34,getSnapshot
FNDA:12,emitChange
FNDA:5,setAuth
FNDA:7,clearAuth
FNDA:10,useAuthStore
DA:1,1
DA:9,1
DA:10,1
DA:11,1
DA:12,1
DA:14,1
DA:16,6
DA:17,6
DA:18,6
DA:19,6
DA:20,6
DA:21,6
DA:23,34
DA:24,34
DA:25,34
DA:27,12
DA:28,12
DA:29,4
DA:30,4
DA:31,12
DA:33,1
DA:34,5
DA:35,5
DA:36,5
DA:37,5
DA:39,1
DA:40,7
DA:41,7
DA:42,7
DA:43,7
DA:45,1
DA:46,10
DA:47,10
DA:48,10
DA:49,10
DA:50,10
DA:51,10
DA:52,10
DA:53,10
DA:54,10
LF:40
LH:40
BRDA:16,0,0,6
BRDA:18,1,0,6
BRDA:23,2,0,34
BRDA:27,3,0,12
BRDA:28,4,0,4
BRDA:33,5,0,5
BRDA:39,6,0,7
BRDA:45,7,0,10
BRF:8
BRH:8
end_of_record
